[0.324s] Invoking command in '/home/albert/ag_arm_ws/build/arm_description': CMAKE_PREFIX_PATH=${CMAKE_PREFIX_PATH}:/home/albert/rad_ws/install/agbot_teleop:/home/albert/rad_ws/install/agbot_py:/home/albert/ws_moveit2/install/moveit_configs_utils:/home/albert/ws_moveit2/install/launch_param_builder:/home/albert/umov_ws/install/arduino_py_examples:/home/albert/udem2_ws/install/actions_py:/home/albert/udem2_ws/install/lifecycle_py:/home/albert/udem2_ws/install/executors_py:/home/albert/udem2_ws/install/components_py:/home/albert/udem_ws/install/turtlesim_catcher:/home/albert/udem_ws/install/my_py_pkg:/home/albert/udem_ws/install/lifecycle_py:/home/albert/bcdc_ws/install/agbot_teleop:/home/albert/bcdc_ws/install/agbot_py:/home/albert/arduinobot_ws/install/arduinobot_py_examples:/opt/ros/humble /home/albert/.local/bin/cmake --build /home/albert/ag_arm_ws/build/arm_description -- -j8 -l8
[0.430s] Invoked command in '/home/albert/ag_arm_ws/build/arm_description' returned '0': CMAKE_PREFIX_PATH=${CMAKE_PREFIX_PATH}:/home/albert/rad_ws/install/agbot_teleop:/home/albert/rad_ws/install/agbot_py:/home/albert/ws_moveit2/install/moveit_configs_utils:/home/albert/ws_moveit2/install/launch_param_builder:/home/albert/umov_ws/install/arduino_py_examples:/home/albert/udem2_ws/install/actions_py:/home/albert/udem2_ws/install/lifecycle_py:/home/albert/udem2_ws/install/executors_py:/home/albert/udem2_ws/install/components_py:/home/albert/udem_ws/install/turtlesim_catcher:/home/albert/udem_ws/install/my_py_pkg:/home/albert/udem_ws/install/lifecycle_py:/home/albert/bcdc_ws/install/agbot_teleop:/home/albert/bcdc_ws/install/agbot_py:/home/albert/arduinobot_ws/install/arduinobot_py_examples:/opt/ros/humble /home/albert/.local/bin/cmake --build /home/albert/ag_arm_ws/build/arm_description -- -j8 -l8
[0.638s] Invoking command in '/home/albert/ag_arm_ws/build/arm_description': CMAKE_PREFIX_PATH=${CMAKE_PREFIX_PATH}:/home/albert/rad_ws/install/agbot_teleop:/home/albert/rad_ws/install/agbot_py:/home/albert/ws_moveit2/install/moveit_configs_utils:/home/albert/ws_moveit2/install/launch_param_builder:/home/albert/umov_ws/install/arduino_py_examples:/home/albert/udem2_ws/install/actions_py:/home/albert/udem2_ws/install/lifecycle_py:/home/albert/udem2_ws/install/executors_py:/home/albert/udem2_ws/install/components_py:/home/albert/udem_ws/install/turtlesim_catcher:/home/albert/udem_ws/install/my_py_pkg:/home/albert/udem_ws/install/lifecycle_py:/home/albert/bcdc_ws/install/agbot_teleop:/home/albert/bcdc_ws/install/agbot_py:/home/albert/arduinobot_ws/install/arduinobot_py_examples:/opt/ros/humble /home/albert/.local/bin/cmake --install /home/albert/ag_arm_ws/build/arm_description
[0.660s] -- Install configuration: ""
[0.663s] -- Up-to-date: /home/albert/ag_arm_ws/install/arm_description/share/arm_description//launch
[0.665s] -- Up-to-date: /home/albert/ag_arm_ws/install/arm_description/share/arm_description//launch/arm_display.launch.py
[0.665s] -- Up-to-date: /home/albert/ag_arm_ws/install/arm_description/share/arm_description//launch/arm_gazebo.launch.py
[0.666s] -- Up-to-date: /home/albert/ag_arm_ws/install/arm_description/share/arm_description//meshes
[0.666s] -- Up-to-date: /home/albert/ag_arm_ws/install/arm_description/share/arm_description//meshes/right_finger.STL
[0.666s] -- Up-to-date: /home/albert/ag_arm_ws/install/arm_description/share/arm_description//meshes/triangular_link.STL
[0.666s] -- Up-to-date: /home/albert/ag_arm_ws/install/arm_description/share/arm_description//meshes/round_plate.STL
[0.667s] -- Up-to-date: /home/albert/ag_arm_ws/install/arm_description/share/arm_description//meshes/left_finger.STL
[0.667s] -- Up-to-date: /home/albert/ag_arm_ws/install/arm_description/share/arm_description//meshes/vertical_drive_arm.STL
[0.667s] -- Up-to-date: /home/albert/ag_arm_ws/install/arm_description/share/arm_description//meshes/astra.jpg
[0.667s] -- Up-to-date: /home/albert/ag_arm_ws/install/arm_description/share/arm_description//meshes/claw_support.STL
[0.678s] -- Up-to-date: /home/albert/ag_arm_ws/install/arm_description/share/arm_description//meshes/link.STL
[0.679s] -- Up-to-date: /home/albert/ag_arm_ws/install/arm_description/share/arm_description//meshes/r200.jpg
[0.681s] -- Up-to-date: /home/albert/ag_arm_ws/install/arm_description/share/arm_description//meshes/horizontal_arm.STL
[0.681s] -- Up-to-date: /home/albert/ag_arm_ws/install/arm_description/share/arm_description//meshes/r200.dae
[0.684s] -- Up-to-date: /home/albert/ag_arm_ws/install/arm_description/share/arm_description//meshes/astra.dae
[0.688s] -- Up-to-date: /home/albert/ag_arm_ws/install/arm_description/share/arm_description//meshes/basement.STL
[0.691s] -- Up-to-date: /home/albert/ag_arm_ws/install/arm_description/share/arm_description//meshes/forward_drive_arm.STL
[0.693s] -- Up-to-date: /home/albert/ag_arm_ws/install/arm_description/share/arm_description//meshes/right_tire.stl
[0.693s] -- Up-to-date: /home/albert/ag_arm_ws/install/arm_description/share/arm_description//meshes/lidar.stl
[0.695s] -- Up-to-date: /home/albert/ag_arm_ws/install/arm_description/share/arm_description//meshes/servo_plate.STL
[0.696s] -- Up-to-date: /home/albert/ag_arm_ws/install/arm_description/share/arm_description//meshes/plate.STL
[0.698s] -- Up-to-date: /home/albert/ag_arm_ws/install/arm_description/share/arm_description//meshes/base_plate.STL
[0.703s] -- Up-to-date: /home/albert/ag_arm_ws/install/arm_description/share/arm_description//meshes/left_tire copy.stl
[0.705s] -- Up-to-date: /home/albert/ag_arm_ws/install/arm_description/share/arm_description//meshes/left_tire.stl
[0.705s] -- Up-to-date: /home/albert/ag_arm_ws/install/arm_description/share/arm_description//meshes/right_tire copy.stl
[0.709s] -- Up-to-date: /home/albert/ag_arm_ws/install/arm_description/share/arm_description//meshes/pi_camera.STL
[0.710s] -- Up-to-date: /home/albert/ag_arm_ws/install/arm_description/share/arm_description//models
[0.710s] -- Up-to-date: /home/albert/ag_arm_ws/install/arm_description/share/arm_description//models/ground_plane
[0.711s] -- Up-to-date: /home/albert/ag_arm_ws/install/arm_description/share/arm_description//models/ground_plane/model-1_2.sdf
[0.711s] -- Up-to-date: /home/albert/ag_arm_ws/install/arm_description/share/arm_description//models/ground_plane/model-1_3.sdf
[0.711s] -- Up-to-date: /home/albert/ag_arm_ws/install/arm_description/share/arm_description//models/ground_plane/model.config
[0.712s] -- Up-to-date: /home/albert/ag_arm_ws/install/arm_description/share/arm_description//models/ground_plane/model.sdf
[0.712s] -- Up-to-date: /home/albert/ag_arm_ws/install/arm_description/share/arm_description//models/ground_plane/model-1_4.sdf
[0.712s] -- Up-to-date: /home/albert/ag_arm_ws/install/arm_description/share/arm_description//models/basic_agbot_description
[0.713s] -- Up-to-date: /home/albert/ag_arm_ws/install/arm_description/share/arm_description//models/basic_agbot_description/agbot.sdf
[0.713s] -- Up-to-date: /home/albert/ag_arm_ws/install/arm_description/share/arm_description//models/basic_agbot_description/agbot_model.config
[0.720s] -- Up-to-date: /home/albert/ag_arm_ws/install/arm_description/share/arm_description//models/sun
[0.721s] -- Up-to-date: /home/albert/ag_arm_ws/install/arm_description/share/arm_description//models/sun/model-1_2.sdf
[0.721s] -- Up-to-date: /home/albert/ag_arm_ws/install/arm_description/share/arm_description//models/sun/model-1_3.sdf
[0.722s] -- Up-to-date: /home/albert/ag_arm_ws/install/arm_description/share/arm_description//models/sun/model.config
[0.722s] -- Up-to-date: /home/albert/ag_arm_ws/install/arm_description/share/arm_description//models/sun/model.sdf
[0.722s] -- Up-to-date: /home/albert/ag_arm_ws/install/arm_description/share/arm_description//models/sun/model-1_4.sdf
[0.723s] -- Up-to-date: /home/albert/ag_arm_ws/install/arm_description/share/arm_description//rviz
[0.723s] -- Up-to-date: /home/albert/ag_arm_ws/install/arm_description/share/arm_description//rviz/arm_config.rviz
[0.723s] -- Up-to-date: /home/albert/ag_arm_ws/install/arm_description/share/arm_description//urdf
[0.724s] -- Up-to-date: /home/albert/ag_arm_ws/install/arm_description/share/arm_description//urdf/arm_gazebo.xacro
[0.724s] -- Up-to-date: /home/albert/ag_arm_ws/install/arm_description/share/arm_description//urdf/arm_common_properties.xacro
[0.724s] -- Up-to-date: /home/albert/ag_arm_ws/install/arm_description/share/arm_description//urdf/arm.urdf
[0.725s] -- Up-to-date: /home/albert/ag_arm_ws/install/arm_description/share/arm_description//urdf/arm_ros2_control.xacro
[0.725s] -- Up-to-date: /home/albert/ag_arm_ws/install/arm_description/share/arm_description//urdf/arm.xacro
[0.725s] -- Up-to-date: /home/albert/ag_arm_ws/install/arm_description/share/arm_description//worlds
[0.725s] -- Up-to-date: /home/albert/ag_arm_ws/install/arm_description/share/arm_description//worlds/test_world.world
[0.726s] -- Up-to-date: /home/albert/ag_arm_ws/install/arm_description/share/arm_description//worlds/smalltown.world
[0.726s] -- Up-to-date: /home/albert/ag_arm_ws/install/arm_description/share/arm_description//worlds/turtlebot3_world.world
[0.729s] -- Up-to-date: /home/albert/ag_arm_ws/install/arm_description/share/arm_description//worlds/new_world.world
[0.730s] -- Up-to-date: /home/albert/ag_arm_ws/install/arm_description/share/arm_description//worlds/house.world
[0.730s] -- Up-to-date: /home/albert/ag_arm_ws/install/arm_description/share/arm_description//worlds/new_world-old.world
[0.733s] -- Up-to-date: /home/albert/ag_arm_ws/install/arm_description/share/arm_description//worlds/empty_world.world
[0.734s] -- Up-to-date: /home/albert/ag_arm_ws/install/arm_description/share/ament_index/resource_index/package_run_dependencies/arm_description
[0.738s] -- Up-to-date: /home/albert/ag_arm_ws/install/arm_description/share/ament_index/resource_index/parent_prefix_path/arm_description
[0.739s] -- Up-to-date: /home/albert/ag_arm_ws/install/arm_description/share/arm_description/environment/ament_prefix_path.sh
[0.739s] -- Up-to-date: /home/albert/ag_arm_ws/install/arm_description/share/arm_description/environment/ament_prefix_path.dsv
[0.742s] -- Up-to-date: /home/albert/ag_arm_ws/install/arm_description/share/arm_description/environment/path.sh
[0.746s] -- Up-to-date: /home/albert/ag_arm_ws/install/arm_description/share/arm_description/environment/path.dsv
[0.747s] -- Up-to-date: /home/albert/ag_arm_ws/install/arm_description/share/arm_description/local_setup.bash
[0.747s] -- Up-to-date: /home/albert/ag_arm_ws/install/arm_description/share/arm_description/local_setup.sh
[0.748s] -- Up-to-date: /home/albert/ag_arm_ws/install/arm_description/share/arm_description/local_setup.zsh
[0.749s] -- Up-to-date: /home/albert/ag_arm_ws/install/arm_description/share/arm_description/local_setup.dsv
[0.751s] -- Installing: /home/albert/ag_arm_ws/install/arm_description/share/arm_description/package.dsv
[0.752s] -- Up-to-date: /home/albert/ag_arm_ws/install/arm_description/share/ament_index/resource_index/packages/arm_description
[0.753s] -- Up-to-date: /home/albert/ag_arm_ws/install/arm_description/share/arm_description/cmake/arm_descriptionConfig.cmake
[0.759s] -- Up-to-date: /home/albert/ag_arm_ws/install/arm_description/share/arm_description/cmake/arm_descriptionConfig-version.cmake
[0.760s] -- Up-to-date: /home/albert/ag_arm_ws/install/arm_description/share/arm_description/package.xml
[0.774s] Invoked command in '/home/albert/ag_arm_ws/build/arm_description' returned '0': CMAKE_PREFIX_PATH=${CMAKE_PREFIX_PATH}:/home/albert/rad_ws/install/agbot_teleop:/home/albert/rad_ws/install/agbot_py:/home/albert/ws_moveit2/install/moveit_configs_utils:/home/albert/ws_moveit2/install/launch_param_builder:/home/albert/umov_ws/install/arduino_py_examples:/home/albert/udem2_ws/install/actions_py:/home/albert/udem2_ws/install/lifecycle_py:/home/albert/udem2_ws/install/executors_py:/home/albert/udem2_ws/install/components_py:/home/albert/udem_ws/install/turtlesim_catcher:/home/albert/udem_ws/install/my_py_pkg:/home/albert/udem_ws/install/lifecycle_py:/home/albert/bcdc_ws/install/agbot_teleop:/home/albert/bcdc_ws/install/agbot_py:/home/albert/arduinobot_ws/install/arduinobot_py_examples:/opt/ros/humble /home/albert/.local/bin/cmake --install /home/albert/ag_arm_ws/build/arm_description
