[0.030s] Invoking command in '/home/albert/ag_arm_ws/build/arm_setup_moveit': CMAKE_PREFIX_PATH=${CMAKE_PREFIX_PATH}:/home/albert/rad_ws/install/agbot_teleop:/home/albert/rad_ws/install/agbot_py:/home/albert/ws_moveit2/install/moveit_configs_utils:/home/albert/ws_moveit2/install/launch_param_builder:/home/albert/umov_ws/install/arduino_py_examples:/home/albert/udem2_ws/install/actions_py:/home/albert/udem2_ws/install/lifecycle_py:/home/albert/udem2_ws/install/executors_py:/home/albert/udem2_ws/install/components_py:/home/albert/udem_ws/install/turtlesim_catcher:/home/albert/udem_ws/install/my_py_pkg:/home/albert/udem_ws/install/lifecycle_py:/home/albert/bcdc_ws/install/agbot_teleop:/home/albert/bcdc_ws/install/agbot_py:/home/albert/arduinobot_ws/install/arduinobot_py_examples:/opt/ros/humble /home/albert/.local/bin/cmake /home/albert/ag_arm_ws/src/arm_setup_moveit -DCMAKE_INSTALL_PREFIX=/home/albert/ag_arm_ws/install/arm_setup_moveit
[0.094s] -- The C compiler identification is GNU 11.4.0
[0.161s] -- The CXX compiler identification is GNU 11.4.0
[0.174s] -- Detecting C compiler ABI info
[0.253s] -- Detecting C compiler ABI info - done
[0.273s] -- Check for working C compiler: /usr/bin/cc - skipped
[0.273s] -- Detecting C compile features
[0.274s] -- Detecting C compile features - done
[0.278s] -- Detecting CXX compiler ABI info
[0.368s] -- Detecting CXX compiler ABI info - done
[0.388s] -- Check for working CXX compiler: /usr/bin/c++ - skipped
[0.388s] -- Detecting CXX compile features
[0.389s] -- Detecting CXX compile features - done
[0.404s] -- Found ament_cmake: 1.3.10 (/opt/ros/humble/share/ament_cmake/cmake)
[0.615s] -- Found Python3: /usr/bin/python3 (found version "3.10.12") found components: Interpreter
[0.965s] -- Configuring done (0.9s)
[0.967s] -- Generating done (0.0s)
[0.968s] -- Build files have been written to: /home/albert/ag_arm_ws/build/arm_setup_moveit
[0.973s] Invoked command in '/home/albert/ag_arm_ws/build/arm_setup_moveit' returned '0': CMAKE_PREFIX_PATH=${CMAKE_PREFIX_PATH}:/home/albert/rad_ws/install/agbot_teleop:/home/albert/rad_ws/install/agbot_py:/home/albert/ws_moveit2/install/moveit_configs_utils:/home/albert/ws_moveit2/install/launch_param_builder:/home/albert/umov_ws/install/arduino_py_examples:/home/albert/udem2_ws/install/actions_py:/home/albert/udem2_ws/install/lifecycle_py:/home/albert/udem2_ws/install/executors_py:/home/albert/udem2_ws/install/components_py:/home/albert/udem_ws/install/turtlesim_catcher:/home/albert/udem_ws/install/my_py_pkg:/home/albert/udem_ws/install/lifecycle_py:/home/albert/bcdc_ws/install/agbot_teleop:/home/albert/bcdc_ws/install/agbot_py:/home/albert/arduinobot_ws/install/arduinobot_py_examples:/opt/ros/humble /home/albert/.local/bin/cmake /home/albert/ag_arm_ws/src/arm_setup_moveit -DCMAKE_INSTALL_PREFIX=/home/albert/ag_arm_ws/install/arm_setup_moveit
[0.975s] Invoking command in '/home/albert/ag_arm_ws/build/arm_setup_moveit': CMAKE_PREFIX_PATH=${CMAKE_PREFIX_PATH}:/home/albert/rad_ws/install/agbot_teleop:/home/albert/rad_ws/install/agbot_py:/home/albert/ws_moveit2/install/moveit_configs_utils:/home/albert/ws_moveit2/install/launch_param_builder:/home/albert/umov_ws/install/arduino_py_examples:/home/albert/udem2_ws/install/actions_py:/home/albert/udem2_ws/install/lifecycle_py:/home/albert/udem2_ws/install/executors_py:/home/albert/udem2_ws/install/components_py:/home/albert/udem_ws/install/turtlesim_catcher:/home/albert/udem_ws/install/my_py_pkg:/home/albert/udem_ws/install/lifecycle_py:/home/albert/bcdc_ws/install/agbot_teleop:/home/albert/bcdc_ws/install/agbot_py:/home/albert/arduinobot_ws/install/arduinobot_py_examples:/opt/ros/humble /home/albert/.local/bin/cmake --build /home/albert/ag_arm_ws/build/arm_setup_moveit -- -j8 -l8
[0.999s] Invoked command in '/home/albert/ag_arm_ws/build/arm_setup_moveit' returned '0': CMAKE_PREFIX_PATH=${CMAKE_PREFIX_PATH}:/home/albert/rad_ws/install/agbot_teleop:/home/albert/rad_ws/install/agbot_py:/home/albert/ws_moveit2/install/moveit_configs_utils:/home/albert/ws_moveit2/install/launch_param_builder:/home/albert/umov_ws/install/arduino_py_examples:/home/albert/udem2_ws/install/actions_py:/home/albert/udem2_ws/install/lifecycle_py:/home/albert/udem2_ws/install/executors_py:/home/albert/udem2_ws/install/components_py:/home/albert/udem_ws/install/turtlesim_catcher:/home/albert/udem_ws/install/my_py_pkg:/home/albert/udem_ws/install/lifecycle_py:/home/albert/bcdc_ws/install/agbot_teleop:/home/albert/bcdc_ws/install/agbot_py:/home/albert/arduinobot_ws/install/arduinobot_py_examples:/opt/ros/humble /home/albert/.local/bin/cmake --build /home/albert/ag_arm_ws/build/arm_setup_moveit -- -j8 -l8
[1.039s] Invoking command in '/home/albert/ag_arm_ws/build/arm_setup_moveit': CMAKE_PREFIX_PATH=${CMAKE_PREFIX_PATH}:/home/albert/rad_ws/install/agbot_teleop:/home/albert/rad_ws/install/agbot_py:/home/albert/ws_moveit2/install/moveit_configs_utils:/home/albert/ws_moveit2/install/launch_param_builder:/home/albert/umov_ws/install/arduino_py_examples:/home/albert/udem2_ws/install/actions_py:/home/albert/udem2_ws/install/lifecycle_py:/home/albert/udem2_ws/install/executors_py:/home/albert/udem2_ws/install/components_py:/home/albert/udem_ws/install/turtlesim_catcher:/home/albert/udem_ws/install/my_py_pkg:/home/albert/udem_ws/install/lifecycle_py:/home/albert/bcdc_ws/install/agbot_teleop:/home/albert/bcdc_ws/install/agbot_py:/home/albert/arduinobot_ws/install/arduinobot_py_examples:/opt/ros/humble /home/albert/.local/bin/cmake --install /home/albert/ag_arm_ws/build/arm_setup_moveit
[1.044s] -- Install configuration: ""
[1.044s] -- Installing: /home/albert/ag_arm_ws/install/arm_setup_moveit/share/ament_index/resource_index/package_run_dependencies/arm_setup_moveit
[1.044s] -- Installing: /home/albert/ag_arm_ws/install/arm_setup_moveit/share/ament_index/resource_index/parent_prefix_path/arm_setup_moveit
[1.044s] -- Installing: /home/albert/ag_arm_ws/install/arm_setup_moveit/share/arm_setup_moveit/environment/ament_prefix_path.sh
[1.044s] -- Installing: /home/albert/ag_arm_ws/install/arm_setup_moveit/share/arm_setup_moveit/environment/ament_prefix_path.dsv
[1.044s] -- Installing: /home/albert/ag_arm_ws/install/arm_setup_moveit/share/arm_setup_moveit/environment/path.sh
[1.045s] -- Installing: /home/albert/ag_arm_ws/install/arm_setup_moveit/share/arm_setup_moveit/environment/path.dsv
[1.045s] -- Installing: /home/albert/ag_arm_ws/install/arm_setup_moveit/share/arm_setup_moveit/local_setup.bash
[1.045s] -- Installing: /home/albert/ag_arm_ws/install/arm_setup_moveit/share/arm_setup_moveit/local_setup.sh
[1.045s] -- Installing: /home/albert/ag_arm_ws/install/arm_setup_moveit/share/arm_setup_moveit/local_setup.zsh
[1.045s] -- Installing: /home/albert/ag_arm_ws/install/arm_setup_moveit/share/arm_setup_moveit/local_setup.dsv
[1.045s] -- Installing: /home/albert/ag_arm_ws/install/arm_setup_moveit/share/arm_setup_moveit/package.dsv
[1.046s] -- Installing: /home/albert/ag_arm_ws/install/arm_setup_moveit/share/ament_index/resource_index/packages/arm_setup_moveit
[1.046s] -- Installing: /home/albert/ag_arm_ws/install/arm_setup_moveit/share/arm_setup_moveit/cmake/arm_setup_moveitConfig.cmake
[1.046s] -- Installing: /home/albert/ag_arm_ws/install/arm_setup_moveit/share/arm_setup_moveit/cmake/arm_setup_moveitConfig-version.cmake
[1.046s] -- Installing: /home/albert/ag_arm_ws/install/arm_setup_moveit/share/arm_setup_moveit/package.xml
[1.046s] -- Installing: /home/albert/ag_arm_ws/install/arm_setup_moveit/share/arm_setup_moveit/launch
[1.046s] -- Installing: /home/albert/ag_arm_ws/install/arm_setup_moveit/share/arm_setup_moveit/launch/moveit_rviz.launch.py
[1.046s] -- Installing: /home/albert/ag_arm_ws/install/arm_setup_moveit/share/arm_setup_moveit/launch/spawn_controllers.launch.py
[1.046s] -- Installing: /home/albert/ag_arm_ws/install/arm_setup_moveit/share/arm_setup_moveit/launch/move_group.launch.py
[1.046s] -- Installing: /home/albert/ag_arm_ws/install/arm_setup_moveit/share/arm_setup_moveit/launch/warehouse_db.launch.py
[1.047s] -- Installing: /home/albert/ag_arm_ws/install/arm_setup_moveit/share/arm_setup_moveit/launch/static_virtual_joint_tfs.launch.py
[1.047s] -- Installing: /home/albert/ag_arm_ws/install/arm_setup_moveit/share/arm_setup_moveit/launch/demo.launch.py
[1.047s] -- Installing: /home/albert/ag_arm_ws/install/arm_setup_moveit/share/arm_setup_moveit/launch/setup_assistant.launch.py
[1.047s] -- Installing: /home/albert/ag_arm_ws/install/arm_setup_moveit/share/arm_setup_moveit/launch/rsp.launch.py
[1.047s] -- Installing: /home/albert/ag_arm_ws/install/arm_setup_moveit/share/arm_setup_moveit/config
[1.047s] -- Installing: /home/albert/ag_arm_ws/install/arm_setup_moveit/share/arm_setup_moveit/config/joint_limits.yaml
[1.047s] -- Installing: /home/albert/ag_arm_ws/install/arm_setup_moveit/share/arm_setup_moveit/config/ros2_controllers.yaml
[1.047s] -- Installing: /home/albert/ag_arm_ws/install/arm_setup_moveit/share/arm_setup_moveit/config/sensors_3d.yaml
[1.048s] -- Installing: /home/albert/ag_arm_ws/install/arm_setup_moveit/share/arm_setup_moveit/config/moveit_controllers.yaml
[1.048s] -- Installing: /home/albert/ag_arm_ws/install/arm_setup_moveit/share/arm_setup_moveit/config/initial_positions.yaml
[1.048s] -- Installing: /home/albert/ag_arm_ws/install/arm_setup_moveit/share/arm_setup_moveit/config/pilz_cartesian_limits.yaml
[1.048s] -- Installing: /home/albert/ag_arm_ws/install/arm_setup_moveit/share/arm_setup_moveit/config/kinematics.yaml
[1.048s] -- Installing: /home/albert/ag_arm_ws/install/arm_setup_moveit/share/arm_setup_moveit/config/agbot_arm.srdf
[1.048s] -- Installing: /home/albert/ag_arm_ws/install/arm_setup_moveit/share/arm_setup_moveit/config/agbot_arm.urdf.xacro
[1.048s] -- Installing: /home/albert/ag_arm_ws/install/arm_setup_moveit/share/arm_setup_moveit/config/agbot_arm.ros2_control.xacro
[1.048s] -- Installing: /home/albert/ag_arm_ws/install/arm_setup_moveit/share/arm_setup_moveit/config/moveit.rviz
[1.049s] -- Installing: /home/albert/ag_arm_ws/install/arm_setup_moveit/share/arm_setup_moveit/.setup_assistant
[1.051s] Invoked command in '/home/albert/ag_arm_ws/build/arm_setup_moveit' returned '0': CMAKE_PREFIX_PATH=${CMAKE_PREFIX_PATH}:/home/albert/rad_ws/install/agbot_teleop:/home/albert/rad_ws/install/agbot_py:/home/albert/ws_moveit2/install/moveit_configs_utils:/home/albert/ws_moveit2/install/launch_param_builder:/home/albert/umov_ws/install/arduino_py_examples:/home/albert/udem2_ws/install/actions_py:/home/albert/udem2_ws/install/lifecycle_py:/home/albert/udem2_ws/install/executors_py:/home/albert/udem2_ws/install/components_py:/home/albert/udem_ws/install/turtlesim_catcher:/home/albert/udem_ws/install/my_py_pkg:/home/albert/udem_ws/install/lifecycle_py:/home/albert/bcdc_ws/install/agbot_teleop:/home/albert/bcdc_ws/install/agbot_py:/home/albert/arduinobot_ws/install/arduinobot_py_examples:/opt/ros/humble /home/albert/.local/bin/cmake --install /home/albert/ag_arm_ws/build/arm_setup_moveit
