[0.050s] Invoking command in '/home/albert/ag_arm_ws/build/arm_description': CMAKE_PREFIX_PATH=${CMAKE_PREFIX_PATH}:/home/albert/rad_ws/install/agbot_teleop:/home/albert/rad_ws/install/agbot_py:/home/albert/ws_moveit2/install/moveit_configs_utils:/home/albert/ws_moveit2/install/launch_param_builder:/home/albert/umov_ws/install/arduino_py_examples:/home/albert/udem2_ws/install/actions_py:/home/albert/udem2_ws/install/lifecycle_py:/home/albert/udem2_ws/install/executors_py:/home/albert/udem2_ws/install/components_py:/home/albert/udem_ws/install/turtlesim_catcher:/home/albert/udem_ws/install/my_py_pkg:/home/albert/udem_ws/install/lifecycle_py:/home/albert/bcdc_ws/install/agbot_teleop:/home/albert/bcdc_ws/install/agbot_py:/home/albert/arduinobot_ws/install/arduinobot_py_examples:/opt/ros/humble /home/albert/.local/bin/cmake /home/albert/ag_arm_ws/src/arm_description -DCMAKE_INSTALL_PREFIX=/home/albert/ag_arm_ws/install/arm_description
[0.136s] -- The C compiler identification is GNU 11.4.0
[0.202s] -- The CXX compiler identification is GNU 11.4.0
[0.216s] -- Detecting C compiler ABI info
[0.294s] -- Detecting C compiler ABI info - done
[0.313s] -- Check for working C compiler: /usr/bin/cc - skipped
[0.314s] -- Detecting C compile features
[0.314s] -- Detecting C compile features - done
[0.319s] -- Detecting CXX compiler ABI info
[0.413s] -- Detecting CXX compiler ABI info - done
[0.440s] -- Check for working CXX compiler: /usr/bin/c++ - skipped
[0.440s] -- Detecting CXX compile features
[0.441s] -- Detecting CXX compile features - done
[0.484s] -- Found ament_cmake: 1.3.10 (/opt/ros/humble/share/ament_cmake/cmake)
[0.705s] -- Found Python3: /usr/bin/python3 (found version "3.10.12") found components: Interpreter
[0.985s] -- Found ament_lint_auto: 0.12.11 (/opt/ros/humble/share/ament_lint_auto/cmake)
[1.194s] -- Added test 'flake8' to check Python code syntax and style conventions
[1.199s] -- Added test 'lint_cmake' to check CMake code style
[1.203s] -- Added test 'pep257' to check Python code against some of the docstring style conventions in PEP 257
[1.210s] -- Added test 'xmllint' to check XML markup files
[1.217s] -- Configuring done (1.2s)
[1.220s] -- Generating done (0.0s)
[1.221s] -- Build files have been written to: /home/albert/ag_arm_ws/build/arm_description
[1.226s] Invoked command in '/home/albert/ag_arm_ws/build/arm_description' returned '0': CMAKE_PREFIX_PATH=${CMAKE_PREFIX_PATH}:/home/albert/rad_ws/install/agbot_teleop:/home/albert/rad_ws/install/agbot_py:/home/albert/ws_moveit2/install/moveit_configs_utils:/home/albert/ws_moveit2/install/launch_param_builder:/home/albert/umov_ws/install/arduino_py_examples:/home/albert/udem2_ws/install/actions_py:/home/albert/udem2_ws/install/lifecycle_py:/home/albert/udem2_ws/install/executors_py:/home/albert/udem2_ws/install/components_py:/home/albert/udem_ws/install/turtlesim_catcher:/home/albert/udem_ws/install/my_py_pkg:/home/albert/udem_ws/install/lifecycle_py:/home/albert/bcdc_ws/install/agbot_teleop:/home/albert/bcdc_ws/install/agbot_py:/home/albert/arduinobot_ws/install/arduinobot_py_examples:/opt/ros/humble /home/albert/.local/bin/cmake /home/albert/ag_arm_ws/src/arm_description -DCMAKE_INSTALL_PREFIX=/home/albert/ag_arm_ws/install/arm_description
[1.229s] Invoking command in '/home/albert/ag_arm_ws/build/arm_description': CMAKE_PREFIX_PATH=${CMAKE_PREFIX_PATH}:/home/albert/rad_ws/install/agbot_teleop:/home/albert/rad_ws/install/agbot_py:/home/albert/ws_moveit2/install/moveit_configs_utils:/home/albert/ws_moveit2/install/launch_param_builder:/home/albert/umov_ws/install/arduino_py_examples:/home/albert/udem2_ws/install/actions_py:/home/albert/udem2_ws/install/lifecycle_py:/home/albert/udem2_ws/install/executors_py:/home/albert/udem2_ws/install/components_py:/home/albert/udem_ws/install/turtlesim_catcher:/home/albert/udem_ws/install/my_py_pkg:/home/albert/udem_ws/install/lifecycle_py:/home/albert/bcdc_ws/install/agbot_teleop:/home/albert/bcdc_ws/install/agbot_py:/home/albert/arduinobot_ws/install/arduinobot_py_examples:/opt/ros/humble /home/albert/.local/bin/cmake --build /home/albert/ag_arm_ws/build/arm_description -- -j8 -l8
[1.253s] Invoked command in '/home/albert/ag_arm_ws/build/arm_description' returned '0': CMAKE_PREFIX_PATH=${CMAKE_PREFIX_PATH}:/home/albert/rad_ws/install/agbot_teleop:/home/albert/rad_ws/install/agbot_py:/home/albert/ws_moveit2/install/moveit_configs_utils:/home/albert/ws_moveit2/install/launch_param_builder:/home/albert/umov_ws/install/arduino_py_examples:/home/albert/udem2_ws/install/actions_py:/home/albert/udem2_ws/install/lifecycle_py:/home/albert/udem2_ws/install/executors_py:/home/albert/udem2_ws/install/components_py:/home/albert/udem_ws/install/turtlesim_catcher:/home/albert/udem_ws/install/my_py_pkg:/home/albert/udem_ws/install/lifecycle_py:/home/albert/bcdc_ws/install/agbot_teleop:/home/albert/bcdc_ws/install/agbot_py:/home/albert/arduinobot_ws/install/arduinobot_py_examples:/opt/ros/humble /home/albert/.local/bin/cmake --build /home/albert/ag_arm_ws/build/arm_description -- -j8 -l8
[1.298s] Invoking command in '/home/albert/ag_arm_ws/build/arm_description': CMAKE_PREFIX_PATH=${CMAKE_PREFIX_PATH}:/home/albert/rad_ws/install/agbot_teleop:/home/albert/rad_ws/install/agbot_py:/home/albert/ws_moveit2/install/moveit_configs_utils:/home/albert/ws_moveit2/install/launch_param_builder:/home/albert/umov_ws/install/arduino_py_examples:/home/albert/udem2_ws/install/actions_py:/home/albert/udem2_ws/install/lifecycle_py:/home/albert/udem2_ws/install/executors_py:/home/albert/udem2_ws/install/components_py:/home/albert/udem_ws/install/turtlesim_catcher:/home/albert/udem_ws/install/my_py_pkg:/home/albert/udem_ws/install/lifecycle_py:/home/albert/bcdc_ws/install/agbot_teleop:/home/albert/bcdc_ws/install/agbot_py:/home/albert/arduinobot_ws/install/arduinobot_py_examples:/opt/ros/humble /home/albert/.local/bin/cmake --install /home/albert/ag_arm_ws/build/arm_description
[1.301s] -- Install configuration: ""
[1.301s] -- Installing: /home/albert/ag_arm_ws/install/arm_description/share/arm_description//launch
[1.301s] -- Installing: /home/albert/ag_arm_ws/install/arm_description/share/arm_description//launch/arm_display.launch.py
[1.301s] -- Installing: /home/albert/ag_arm_ws/install/arm_description/share/arm_description//launch/arm_gazebo.launch.py
[1.301s] -- Installing: /home/albert/ag_arm_ws/install/arm_description/share/arm_description//meshes
[1.301s] -- Installing: /home/albert/ag_arm_ws/install/arm_description/share/arm_description//meshes/right_finger.STL
[1.302s] -- Installing: /home/albert/ag_arm_ws/install/arm_description/share/arm_description//meshes/triangular_link.STL
[1.302s] -- Installing: /home/albert/ag_arm_ws/install/arm_description/share/arm_description//meshes/round_plate.STL
[1.303s] -- Installing: /home/albert/ag_arm_ws/install/arm_description/share/arm_description//meshes/left_finger.STL
[1.303s] -- Installing: /home/albert/ag_arm_ws/install/arm_description/share/arm_description//meshes/vertical_drive_arm.STL
[1.304s] -- Installing: /home/albert/ag_arm_ws/install/arm_description/share/arm_description//meshes/astra.jpg
[1.304s] -- Installing: /home/albert/ag_arm_ws/install/arm_description/share/arm_description//meshes/claw_support.STL
[1.305s] -- Installing: /home/albert/ag_arm_ws/install/arm_description/share/arm_description//meshes/link.STL
[1.305s] -- Installing: /home/albert/ag_arm_ws/install/arm_description/share/arm_description//meshes/r200.jpg
[1.305s] -- Installing: /home/albert/ag_arm_ws/install/arm_description/share/arm_description//meshes/horizontal_arm.STL
[1.307s] -- Installing: /home/albert/ag_arm_ws/install/arm_description/share/arm_description//meshes/r200.dae
[1.307s] -- Installing: /home/albert/ag_arm_ws/install/arm_description/share/arm_description//meshes/astra.dae
[1.315s] -- Installing: /home/albert/ag_arm_ws/install/arm_description/share/arm_description//meshes/basement.STL
[1.316s] -- Installing: /home/albert/ag_arm_ws/install/arm_description/share/arm_description//meshes/forward_drive_arm.STL
[1.318s] -- Installing: /home/albert/ag_arm_ws/install/arm_description/share/arm_description//meshes/right_tire.stl
[1.318s] -- Installing: /home/albert/ag_arm_ws/install/arm_description/share/arm_description//meshes/lidar.stl
[1.319s] -- Installing: /home/albert/ag_arm_ws/install/arm_description/share/arm_description//meshes/servo_plate.STL
[1.319s] -- Installing: /home/albert/ag_arm_ws/install/arm_description/share/arm_description//meshes/plate.STL
[1.321s] -- Installing: /home/albert/ag_arm_ws/install/arm_description/share/arm_description//meshes/base_plate.STL
[1.324s] -- Installing: /home/albert/ag_arm_ws/install/arm_description/share/arm_description//meshes/left_tire copy.stl
[1.325s] -- Installing: /home/albert/ag_arm_ws/install/arm_description/share/arm_description//meshes/left_tire.stl
[1.326s] -- Installing: /home/albert/ag_arm_ws/install/arm_description/share/arm_description//meshes/right_tire copy.stl
[1.327s] -- Installing: /home/albert/ag_arm_ws/install/arm_description/share/arm_description//meshes/pi_camera.STL
[1.327s] -- Installing: /home/albert/ag_arm_ws/install/arm_description/share/arm_description//models
[1.327s] -- Installing: /home/albert/ag_arm_ws/install/arm_description/share/arm_description//models/ground_plane
[1.327s] -- Installing: /home/albert/ag_arm_ws/install/arm_description/share/arm_description//models/ground_plane/model-1_2.sdf
[1.327s] -- Installing: /home/albert/ag_arm_ws/install/arm_description/share/arm_description//models/ground_plane/model-1_3.sdf
[1.327s] -- Installing: /home/albert/ag_arm_ws/install/arm_description/share/arm_description//models/ground_plane/model.config
[1.328s] -- Installing: /home/albert/ag_arm_ws/install/arm_description/share/arm_description//models/ground_plane/model.sdf
[1.328s] -- Installing: /home/albert/ag_arm_ws/install/arm_description/share/arm_description//models/ground_plane/model-1_4.sdf
[1.328s] -- Installing: /home/albert/ag_arm_ws/install/arm_description/share/arm_description//models/basic_agbot_description
[1.328s] -- Installing: /home/albert/ag_arm_ws/install/arm_description/share/arm_description//models/basic_agbot_description/agbot.sdf
[1.328s] -- Installing: /home/albert/ag_arm_ws/install/arm_description/share/arm_description//models/basic_agbot_description/agbot_model.config
[1.328s] -- Installing: /home/albert/ag_arm_ws/install/arm_description/share/arm_description//models/sun
[1.328s] -- Installing: /home/albert/ag_arm_ws/install/arm_description/share/arm_description//models/sun/model-1_2.sdf
[1.328s] -- Installing: /home/albert/ag_arm_ws/install/arm_description/share/arm_description//models/sun/model-1_3.sdf
[1.328s] -- Installing: /home/albert/ag_arm_ws/install/arm_description/share/arm_description//models/sun/model.config
[1.329s] -- Installing: /home/albert/ag_arm_ws/install/arm_description/share/arm_description//models/sun/model.sdf
[1.329s] -- Installing: /home/albert/ag_arm_ws/install/arm_description/share/arm_description//models/sun/model-1_4.sdf
[1.329s] -- Installing: /home/albert/ag_arm_ws/install/arm_description/share/arm_description//rviz
[1.329s] -- Installing: /home/albert/ag_arm_ws/install/arm_description/share/arm_description//rviz/arm_config.rviz
[1.329s] -- Installing: /home/albert/ag_arm_ws/install/arm_description/share/arm_description//urdf
[1.329s] -- Installing: /home/albert/ag_arm_ws/install/arm_description/share/arm_description//urdf/arm_gazebo.xacro
[1.329s] -- Installing: /home/albert/ag_arm_ws/install/arm_description/share/arm_description//urdf/arm_common_properties.xacro
[1.329s] -- Installing: /home/albert/ag_arm_ws/install/arm_description/share/arm_description//urdf/arm.urdf
[1.329s] -- Installing: /home/albert/ag_arm_ws/install/arm_description/share/arm_description//urdf/arm_ros2_control.xacro
[1.330s] -- Installing: /home/albert/ag_arm_ws/install/arm_description/share/arm_description//urdf/arm.xacro
[1.330s] -- Installing: /home/albert/ag_arm_ws/install/arm_description/share/arm_description//worlds
[1.330s] -- Installing: /home/albert/ag_arm_ws/install/arm_description/share/arm_description//worlds/test_world.world
[1.330s] -- Installing: /home/albert/ag_arm_ws/install/arm_description/share/arm_description//worlds/smalltown.world
[1.330s] -- Installing: /home/albert/ag_arm_ws/install/arm_description/share/arm_description//worlds/turtlebot3_world.world
[1.330s] -- Installing: /home/albert/ag_arm_ws/install/arm_description/share/arm_description//worlds/new_world.world
[1.330s] -- Installing: /home/albert/ag_arm_ws/install/arm_description/share/arm_description//worlds/house.world
[1.331s] -- Installing: /home/albert/ag_arm_ws/install/arm_description/share/arm_description//worlds/new_world-old.world
[1.331s] -- Installing: /home/albert/ag_arm_ws/install/arm_description/share/arm_description//worlds/empty_world.world
[1.331s] -- Installing: /home/albert/ag_arm_ws/install/arm_description/share/ament_index/resource_index/package_run_dependencies/arm_description
[1.331s] -- Installing: /home/albert/ag_arm_ws/install/arm_description/share/ament_index/resource_index/parent_prefix_path/arm_description
[1.331s] -- Installing: /home/albert/ag_arm_ws/install/arm_description/share/arm_description/environment/ament_prefix_path.sh
[1.332s] -- Installing: /home/albert/ag_arm_ws/install/arm_description/share/arm_description/environment/ament_prefix_path.dsv
[1.332s] -- Installing: /home/albert/ag_arm_ws/install/arm_description/share/arm_description/environment/path.sh
[1.332s] -- Installing: /home/albert/ag_arm_ws/install/arm_description/share/arm_description/environment/path.dsv
[1.332s] -- Installing: /home/albert/ag_arm_ws/install/arm_description/share/arm_description/local_setup.bash
[1.332s] -- Installing: /home/albert/ag_arm_ws/install/arm_description/share/arm_description/local_setup.sh
[1.332s] -- Installing: /home/albert/ag_arm_ws/install/arm_description/share/arm_description/local_setup.zsh
[1.332s] -- Installing: /home/albert/ag_arm_ws/install/arm_description/share/arm_description/local_setup.dsv
[1.333s] -- Installing: /home/albert/ag_arm_ws/install/arm_description/share/arm_description/package.dsv
[1.333s] -- Installing: /home/albert/ag_arm_ws/install/arm_description/share/ament_index/resource_index/packages/arm_description
[1.333s] -- Installing: /home/albert/ag_arm_ws/install/arm_description/share/arm_description/cmake/arm_descriptionConfig.cmake
[1.333s] -- Installing: /home/albert/ag_arm_ws/install/arm_description/share/arm_description/cmake/arm_descriptionConfig-version.cmake
[1.333s] -- Installing: /home/albert/ag_arm_ws/install/arm_description/share/arm_description/package.xml
[1.335s] Invoked command in '/home/albert/ag_arm_ws/build/arm_description' returned '0': CMAKE_PREFIX_PATH=${CMAKE_PREFIX_PATH}:/home/albert/rad_ws/install/agbot_teleop:/home/albert/rad_ws/install/agbot_py:/home/albert/ws_moveit2/install/moveit_configs_utils:/home/albert/ws_moveit2/install/launch_param_builder:/home/albert/umov_ws/install/arduino_py_examples:/home/albert/udem2_ws/install/actions_py:/home/albert/udem2_ws/install/lifecycle_py:/home/albert/udem2_ws/install/executors_py:/home/albert/udem2_ws/install/components_py:/home/albert/udem_ws/install/turtlesim_catcher:/home/albert/udem_ws/install/my_py_pkg:/home/albert/udem_ws/install/lifecycle_py:/home/albert/bcdc_ws/install/agbot_teleop:/home/albert/bcdc_ws/install/agbot_py:/home/albert/arduinobot_ws/install/arduinobot_py_examples:/opt/ros/humble /home/albert/.local/bin/cmake --install /home/albert/ag_arm_ws/build/arm_description
