[0.027s] Invoking command in '/home/albert/ag_arm_ws/build/arm_setup_moveit': CMAKE_PREFIX_PATH=${CMAKE_PREFIX_PATH}:/home/albert/rad_ws/install/agbot_teleop:/home/albert/rad_ws/install/agbot_py:/home/albert/ws_moveit2/install/moveit_configs_utils:/home/albert/ws_moveit2/install/launch_param_builder:/home/albert/umov_ws/install/arduino_py_examples:/home/albert/udem2_ws/install/actions_py:/home/albert/udem2_ws/install/lifecycle_py:/home/albert/udem2_ws/install/executors_py:/home/albert/udem2_ws/install/components_py:/home/albert/udem_ws/install/turtlesim_catcher:/home/albert/udem_ws/install/my_py_pkg:/home/albert/udem_ws/install/lifecycle_py:/home/albert/bcdc_ws/install/agbot_teleop:/home/albert/bcdc_ws/install/agbot_py:/home/albert/arduinobot_ws/install/arduinobot_py_examples:/opt/ros/humble /home/albert/.local/bin/cmake --build /home/albert/ag_arm_ws/build/arm_setup_moveit -- -j8 -l8
[0.049s] Invoked command in '/home/albert/ag_arm_ws/build/arm_setup_moveit' returned '0': CMAKE_PREFIX_PATH=${CMAKE_PREFIX_PATH}:/home/albert/rad_ws/install/agbot_teleop:/home/albert/rad_ws/install/agbot_py:/home/albert/ws_moveit2/install/moveit_configs_utils:/home/albert/ws_moveit2/install/launch_param_builder:/home/albert/umov_ws/install/arduino_py_examples:/home/albert/udem2_ws/install/actions_py:/home/albert/udem2_ws/install/lifecycle_py:/home/albert/udem2_ws/install/executors_py:/home/albert/udem2_ws/install/components_py:/home/albert/udem_ws/install/turtlesim_catcher:/home/albert/udem_ws/install/my_py_pkg:/home/albert/udem_ws/install/lifecycle_py:/home/albert/bcdc_ws/install/agbot_teleop:/home/albert/bcdc_ws/install/agbot_py:/home/albert/arduinobot_ws/install/arduinobot_py_examples:/opt/ros/humble /home/albert/.local/bin/cmake --build /home/albert/ag_arm_ws/build/arm_setup_moveit -- -j8 -l8
[0.087s] Invoking command in '/home/albert/ag_arm_ws/build/arm_setup_moveit': CMAKE_PREFIX_PATH=${CMAKE_PREFIX_PATH}:/home/albert/rad_ws/install/agbot_teleop:/home/albert/rad_ws/install/agbot_py:/home/albert/ws_moveit2/install/moveit_configs_utils:/home/albert/ws_moveit2/install/launch_param_builder:/home/albert/umov_ws/install/arduino_py_examples:/home/albert/udem2_ws/install/actions_py:/home/albert/udem2_ws/install/lifecycle_py:/home/albert/udem2_ws/install/executors_py:/home/albert/udem2_ws/install/components_py:/home/albert/udem_ws/install/turtlesim_catcher:/home/albert/udem_ws/install/my_py_pkg:/home/albert/udem_ws/install/lifecycle_py:/home/albert/bcdc_ws/install/agbot_teleop:/home/albert/bcdc_ws/install/agbot_py:/home/albert/arduinobot_ws/install/arduinobot_py_examples:/opt/ros/humble /home/albert/.local/bin/cmake --install /home/albert/ag_arm_ws/build/arm_setup_moveit
[0.090s] -- Install configuration: ""
[0.090s] -- Up-to-date: /home/albert/ag_arm_ws/install/arm_setup_moveit/share/ament_index/resource_index/package_run_dependencies/arm_setup_moveit
[0.091s] -- Up-to-date: /home/albert/ag_arm_ws/install/arm_setup_moveit/share/ament_index/resource_index/parent_prefix_path/arm_setup_moveit
[0.091s] -- Up-to-date: /home/albert/ag_arm_ws/install/arm_setup_moveit/share/arm_setup_moveit/environment/ament_prefix_path.sh
[0.091s] -- Up-to-date: /home/albert/ag_arm_ws/install/arm_setup_moveit/share/arm_setup_moveit/environment/ament_prefix_path.dsv
[0.091s] -- Up-to-date: /home/albert/ag_arm_ws/install/arm_setup_moveit/share/arm_setup_moveit/environment/path.sh
[0.091s] -- Up-to-date: /home/albert/ag_arm_ws/install/arm_setup_moveit/share/arm_setup_moveit/environment/path.dsv
[0.091s] -- Up-to-date: /home/albert/ag_arm_ws/install/arm_setup_moveit/share/arm_setup_moveit/local_setup.bash
[0.091s] -- Up-to-date: /home/albert/ag_arm_ws/install/arm_setup_moveit/share/arm_setup_moveit/local_setup.sh
[0.091s] -- Up-to-date: /home/albert/ag_arm_ws/install/arm_setup_moveit/share/arm_setup_moveit/local_setup.zsh
[0.092s] -- Up-to-date: /home/albert/ag_arm_ws/install/arm_setup_moveit/share/arm_setup_moveit/local_setup.dsv
[0.092s] -- Installing: /home/albert/ag_arm_ws/install/arm_setup_moveit/share/arm_setup_moveit/package.dsv
[0.092s] -- Up-to-date: /home/albert/ag_arm_ws/install/arm_setup_moveit/share/ament_index/resource_index/packages/arm_setup_moveit
[0.092s] -- Up-to-date: /home/albert/ag_arm_ws/install/arm_setup_moveit/share/arm_setup_moveit/cmake/arm_setup_moveitConfig.cmake
[0.092s] -- Up-to-date: /home/albert/ag_arm_ws/install/arm_setup_moveit/share/arm_setup_moveit/cmake/arm_setup_moveitConfig-version.cmake
[0.092s] -- Up-to-date: /home/albert/ag_arm_ws/install/arm_setup_moveit/share/arm_setup_moveit/package.xml
[0.092s] -- Up-to-date: /home/albert/ag_arm_ws/install/arm_setup_moveit/share/arm_setup_moveit/launch
[0.092s] -- Up-to-date: /home/albert/ag_arm_ws/install/arm_setup_moveit/share/arm_setup_moveit/launch/moveit_rviz.launch.py
[0.092s] -- Up-to-date: /home/albert/ag_arm_ws/install/arm_setup_moveit/share/arm_setup_moveit/launch/spawn_controllers.launch.py
[0.093s] -- Up-to-date: /home/albert/ag_arm_ws/install/arm_setup_moveit/share/arm_setup_moveit/launch/move_group.launch.py
[0.093s] -- Up-to-date: /home/albert/ag_arm_ws/install/arm_setup_moveit/share/arm_setup_moveit/launch/warehouse_db.launch.py
[0.093s] -- Up-to-date: /home/albert/ag_arm_ws/install/arm_setup_moveit/share/arm_setup_moveit/launch/static_virtual_joint_tfs.launch.py
[0.093s] -- Up-to-date: /home/albert/ag_arm_ws/install/arm_setup_moveit/share/arm_setup_moveit/launch/demo.launch.py
[0.094s] -- Up-to-date: /home/albert/ag_arm_ws/install/arm_setup_moveit/share/arm_setup_moveit/launch/setup_assistant.launch.py
[0.094s] -- Up-to-date: /home/albert/ag_arm_ws/install/arm_setup_moveit/share/arm_setup_moveit/launch/rsp.launch.py
[0.094s] -- Up-to-date: /home/albert/ag_arm_ws/install/arm_setup_moveit/share/arm_setup_moveit/config
[0.095s] -- Up-to-date: /home/albert/ag_arm_ws/install/arm_setup_moveit/share/arm_setup_moveit/config/joint_limits.yaml
[0.095s] -- Up-to-date: /home/albert/ag_arm_ws/install/arm_setup_moveit/share/arm_setup_moveit/config/ros2_controllers.yaml
[0.095s] -- Up-to-date: /home/albert/ag_arm_ws/install/arm_setup_moveit/share/arm_setup_moveit/config/sensors_3d.yaml
[0.095s] -- Up-to-date: /home/albert/ag_arm_ws/install/arm_setup_moveit/share/arm_setup_moveit/config/moveit_controllers.yaml
[0.095s] -- Up-to-date: /home/albert/ag_arm_ws/install/arm_setup_moveit/share/arm_setup_moveit/config/initial_positions.yaml
[0.095s] -- Up-to-date: /home/albert/ag_arm_ws/install/arm_setup_moveit/share/arm_setup_moveit/config/pilz_cartesian_limits.yaml
[0.095s] -- Up-to-date: /home/albert/ag_arm_ws/install/arm_setup_moveit/share/arm_setup_moveit/config/kinematics.yaml
[0.095s] -- Up-to-date: /home/albert/ag_arm_ws/install/arm_setup_moveit/share/arm_setup_moveit/config/agbot_arm.srdf
[0.096s] -- Up-to-date: /home/albert/ag_arm_ws/install/arm_setup_moveit/share/arm_setup_moveit/config/agbot_arm.urdf.xacro
[0.096s] -- Up-to-date: /home/albert/ag_arm_ws/install/arm_setup_moveit/share/arm_setup_moveit/config/agbot_arm.ros2_control.xacro
[0.096s] -- Up-to-date: /home/albert/ag_arm_ws/install/arm_setup_moveit/share/arm_setup_moveit/config/moveit.rviz
[0.096s] -- Up-to-date: /home/albert/ag_arm_ws/install/arm_setup_moveit/share/arm_setup_moveit/.setup_assistant
[0.097s] Invoked command in '/home/albert/ag_arm_ws/build/arm_setup_moveit' returned '0': CMAKE_PREFIX_PATH=${CMAKE_PREFIX_PATH}:/home/albert/rad_ws/install/agbot_teleop:/home/albert/rad_ws/install/agbot_py:/home/albert/ws_moveit2/install/moveit_configs_utils:/home/albert/ws_moveit2/install/launch_param_builder:/home/albert/umov_ws/install/arduino_py_examples:/home/albert/udem2_ws/install/actions_py:/home/albert/udem2_ws/install/lifecycle_py:/home/albert/udem2_ws/install/executors_py:/home/albert/udem2_ws/install/components_py:/home/albert/udem_ws/install/turtlesim_catcher:/home/albert/udem_ws/install/my_py_pkg:/home/albert/udem_ws/install/lifecycle_py:/home/albert/bcdc_ws/install/agbot_teleop:/home/albert/bcdc_ws/install/agbot_py:/home/albert/arduinobot_ws/install/arduinobot_py_examples:/opt/ros/humble /home/albert/.local/bin/cmake --install /home/albert/ag_arm_ws/build/arm_setup_moveit
