[0.080s] Invoking command in '/home/albert/ag_arm_ws/build/arm_description': CMAKE_PREFIX_PATH=${CMAKE_PREFIX_PATH}:/home/albert/ws_moveit2/install/moveit_configs_utils:/home/albert/ws_moveit2/install/launch_param_builder:/home/albert/umov_ws/install/arduino_py_examples:/home/albert/udem2_ws/install/actions_py:/home/albert/udem2_ws/install/lifecycle_py:/home/albert/udem2_ws/install/executors_py:/home/albert/udem2_ws/install/components_py:/home/albert/udem_ws/install/turtlesim_catcher:/home/albert/udem_ws/install/my_py_pkg:/home/albert/udem_ws/install/lifecycle_py:/home/albert/bcdc_ws/install/agbot_teleop:/home/albert/bcdc_ws/install/agbot_py:/home/albert/arduinobot_ws/install/arduinobot_py_examples:/opt/ros/humble /home/albert/.local/bin/cmake /home/albert/ag_arm_ws/src/arm_description -DCMAKE_INSTALL_PREFIX=/home/albert/ag_arm_ws/install/arm_description
[0.166s] -- The C compiler identification is GNU 11.4.0
[0.255s] -- The CXX compiler identification is GNU 11.4.0
[0.270s] -- Detecting C compiler ABI info
[0.376s] -- Detecting C compiler ABI info - done
[0.407s] -- Check for working C compiler: /usr/bin/cc - skipped
[0.407s] -- Detecting C compile features
[0.407s] -- Detecting C compile features - done
[0.413s] -- Detecting CXX compiler ABI info
[0.540s] -- Detecting CXX compiler ABI info - done
[0.575s] -- Check for working CXX compiler: /usr/bin/c++ - skipped
[0.575s] -- Detecting CXX compile features
[0.576s] -- Detecting CXX compile features - done
[0.598s] -- Found ament_cmake: 1.3.10 (/opt/ros/humble/share/ament_cmake/cmake)
[0.932s] -- Found Python3: /usr/bin/python3 (found version "3.10.12") found components: Interpreter
[1.398s] -- Found ament_lint_auto: 0.12.11 (/opt/ros/humble/share/ament_lint_auto/cmake)
[1.601s] -- Added test 'flake8' to check Python code syntax and style conventions
[1.606s] -- Added test 'lint_cmake' to check CMake code style
[1.609s] -- Added test 'pep257' to check Python code against some of the docstring style conventions in PEP 257
[1.617s] -- Added test 'xmllint' to check XML markup files
[1.624s] -- Configuring done (1.5s)
[1.627s] -- Generating done (0.0s)
[1.628s] -- Build files have been written to: /home/albert/ag_arm_ws/build/arm_description
[1.633s] Invoked command in '/home/albert/ag_arm_ws/build/arm_description' returned '0': CMAKE_PREFIX_PATH=${CMAKE_PREFIX_PATH}:/home/albert/ws_moveit2/install/moveit_configs_utils:/home/albert/ws_moveit2/install/launch_param_builder:/home/albert/umov_ws/install/arduino_py_examples:/home/albert/udem2_ws/install/actions_py:/home/albert/udem2_ws/install/lifecycle_py:/home/albert/udem2_ws/install/executors_py:/home/albert/udem2_ws/install/components_py:/home/albert/udem_ws/install/turtlesim_catcher:/home/albert/udem_ws/install/my_py_pkg:/home/albert/udem_ws/install/lifecycle_py:/home/albert/bcdc_ws/install/agbot_teleop:/home/albert/bcdc_ws/install/agbot_py:/home/albert/arduinobot_ws/install/arduinobot_py_examples:/opt/ros/humble /home/albert/.local/bin/cmake /home/albert/ag_arm_ws/src/arm_description -DCMAKE_INSTALL_PREFIX=/home/albert/ag_arm_ws/install/arm_description
[1.636s] Invoking command in '/home/albert/ag_arm_ws/build/arm_description': CMAKE_PREFIX_PATH=${CMAKE_PREFIX_PATH}:/home/albert/ws_moveit2/install/moveit_configs_utils:/home/albert/ws_moveit2/install/launch_param_builder:/home/albert/umov_ws/install/arduino_py_examples:/home/albert/udem2_ws/install/actions_py:/home/albert/udem2_ws/install/lifecycle_py:/home/albert/udem2_ws/install/executors_py:/home/albert/udem2_ws/install/components_py:/home/albert/udem_ws/install/turtlesim_catcher:/home/albert/udem_ws/install/my_py_pkg:/home/albert/udem_ws/install/lifecycle_py:/home/albert/bcdc_ws/install/agbot_teleop:/home/albert/bcdc_ws/install/agbot_py:/home/albert/arduinobot_ws/install/arduinobot_py_examples:/opt/ros/humble /home/albert/.local/bin/cmake --build /home/albert/ag_arm_ws/build/arm_description -- -j8 -l8
[1.661s] Invoked command in '/home/albert/ag_arm_ws/build/arm_description' returned '0': CMAKE_PREFIX_PATH=${CMAKE_PREFIX_PATH}:/home/albert/ws_moveit2/install/moveit_configs_utils:/home/albert/ws_moveit2/install/launch_param_builder:/home/albert/umov_ws/install/arduino_py_examples:/home/albert/udem2_ws/install/actions_py:/home/albert/udem2_ws/install/lifecycle_py:/home/albert/udem2_ws/install/executors_py:/home/albert/udem2_ws/install/components_py:/home/albert/udem_ws/install/turtlesim_catcher:/home/albert/udem_ws/install/my_py_pkg:/home/albert/udem_ws/install/lifecycle_py:/home/albert/bcdc_ws/install/agbot_teleop:/home/albert/bcdc_ws/install/agbot_py:/home/albert/arduinobot_ws/install/arduinobot_py_examples:/opt/ros/humble /home/albert/.local/bin/cmake --build /home/albert/ag_arm_ws/build/arm_description -- -j8 -l8
[1.708s] Invoking command in '/home/albert/ag_arm_ws/build/arm_description': CMAKE_PREFIX_PATH=${CMAKE_PREFIX_PATH}:/home/albert/ws_moveit2/install/moveit_configs_utils:/home/albert/ws_moveit2/install/launch_param_builder:/home/albert/umov_ws/install/arduino_py_examples:/home/albert/udem2_ws/install/actions_py:/home/albert/udem2_ws/install/lifecycle_py:/home/albert/udem2_ws/install/executors_py:/home/albert/udem2_ws/install/components_py:/home/albert/udem_ws/install/turtlesim_catcher:/home/albert/udem_ws/install/my_py_pkg:/home/albert/udem_ws/install/lifecycle_py:/home/albert/bcdc_ws/install/agbot_teleop:/home/albert/bcdc_ws/install/agbot_py:/home/albert/arduinobot_ws/install/arduinobot_py_examples:/opt/ros/humble /home/albert/.local/bin/cmake --install /home/albert/ag_arm_ws/build/arm_description
[1.711s] -- Install configuration: ""
[1.711s] -- Installing: /home/albert/ag_arm_ws/install/arm_description/share/arm_description//launch
[1.712s] -- Installing: /home/albert/ag_arm_ws/install/arm_description/share/arm_description//launch/arm_display.launch.py
[1.712s] -- Installing: /home/albert/ag_arm_ws/install/arm_description/share/arm_description//launch/arm_gazebo.launch.py
[1.712s] -- Installing: /home/albert/ag_arm_ws/install/arm_description/share/arm_description//meshes
[1.712s] -- Installing: /home/albert/ag_arm_ws/install/arm_description/share/arm_description//meshes/right_finger.STL
[1.713s] -- Installing: /home/albert/ag_arm_ws/install/arm_description/share/arm_description//meshes/triangular_link.STL
[1.739s] -- Installing: /home/albert/ag_arm_ws/install/arm_description/share/arm_description//meshes/round_plate.STL
[1.740s] -- Installing: /home/albert/ag_arm_ws/install/arm_description/share/arm_description//meshes/left_finger.STL
[1.740s] -- Installing: /home/albert/ag_arm_ws/install/arm_description/share/arm_description//meshes/vertical_drive_arm.STL
[1.742s] -- Installing: /home/albert/ag_arm_ws/install/arm_description/share/arm_description//meshes/astra.jpg
[1.743s] -- Installing: /home/albert/ag_arm_ws/install/arm_description/share/arm_description//meshes/claw_support.STL
[1.750s] -- Installing: /home/albert/ag_arm_ws/install/arm_description/share/arm_description//meshes/link.STL
[1.751s] -- Installing: /home/albert/ag_arm_ws/install/arm_description/share/arm_description//meshes/r200.jpg
[1.751s] -- Installing: /home/albert/ag_arm_ws/install/arm_description/share/arm_description//meshes/horizontal_arm.STL
[1.754s] -- Installing: /home/albert/ag_arm_ws/install/arm_description/share/arm_description//meshes/r200.dae
[1.755s] -- Installing: /home/albert/ag_arm_ws/install/arm_description/share/arm_description//meshes/astra.dae
[1.766s] -- Installing: /home/albert/ag_arm_ws/install/arm_description/share/arm_description//meshes/basement.STL
[1.768s] -- Installing: /home/albert/ag_arm_ws/install/arm_description/share/arm_description//meshes/forward_drive_arm.STL
[1.771s] -- Installing: /home/albert/ag_arm_ws/install/arm_description/share/arm_description//meshes/right_tire.stl
[1.773s] -- Installing: /home/albert/ag_arm_ws/install/arm_description/share/arm_description//meshes/lidar.stl
[1.774s] -- Installing: /home/albert/ag_arm_ws/install/arm_description/share/arm_description//meshes/servo_plate.STL
[1.775s] -- Installing: /home/albert/ag_arm_ws/install/arm_description/share/arm_description//meshes/plate.STL
[1.779s] -- Installing: /home/albert/ag_arm_ws/install/arm_description/share/arm_description//meshes/base_plate.STL
[1.783s] -- Installing: /home/albert/ag_arm_ws/install/arm_description/share/arm_description//meshes/left_tire copy.stl
[1.785s] -- Installing: /home/albert/ag_arm_ws/install/arm_description/share/arm_description//meshes/left_tire.stl
[1.787s] -- Installing: /home/albert/ag_arm_ws/install/arm_description/share/arm_description//meshes/right_tire copy.stl
[1.789s] -- Installing: /home/albert/ag_arm_ws/install/arm_description/share/arm_description//meshes/pi_camera.STL
[1.789s] -- Installing: /home/albert/ag_arm_ws/install/arm_description/share/arm_description//models
[1.789s] -- Installing: /home/albert/ag_arm_ws/install/arm_description/share/arm_description//models/ground_plane
[1.789s] -- Installing: /home/albert/ag_arm_ws/install/arm_description/share/arm_description//models/ground_plane/model-1_2.sdf
[1.790s] -- Installing: /home/albert/ag_arm_ws/install/arm_description/share/arm_description//models/ground_plane/model-1_3.sdf
[1.790s] -- Installing: /home/albert/ag_arm_ws/install/arm_description/share/arm_description//models/ground_plane/model.config
[1.790s] -- Installing: /home/albert/ag_arm_ws/install/arm_description/share/arm_description//models/ground_plane/model.sdf
[1.790s] -- Installing: /home/albert/ag_arm_ws/install/arm_description/share/arm_description//models/ground_plane/model-1_4.sdf
[1.791s] -- Installing: /home/albert/ag_arm_ws/install/arm_description/share/arm_description//models/basic_agbot_description
[1.791s] -- Installing: /home/albert/ag_arm_ws/install/arm_description/share/arm_description//models/basic_agbot_description/agbot.sdf
[1.791s] -- Installing: /home/albert/ag_arm_ws/install/arm_description/share/arm_description//models/basic_agbot_description/agbot_model.config
[1.791s] -- Installing: /home/albert/ag_arm_ws/install/arm_description/share/arm_description//models/sun
[1.791s] -- Installing: /home/albert/ag_arm_ws/install/arm_description/share/arm_description//models/sun/model-1_2.sdf
[1.792s] -- Installing: /home/albert/ag_arm_ws/install/arm_description/share/arm_description//models/sun/model-1_3.sdf
[1.792s] -- Installing: /home/albert/ag_arm_ws/install/arm_description/share/arm_description//models/sun/model.config
[1.792s] -- Installing: /home/albert/ag_arm_ws/install/arm_description/share/arm_description//models/sun/model.sdf
[1.792s] -- Installing: /home/albert/ag_arm_ws/install/arm_description/share/arm_description//models/sun/model-1_4.sdf
[1.793s] -- Installing: /home/albert/ag_arm_ws/install/arm_description/share/arm_description//rviz
[1.793s] -- Installing: /home/albert/ag_arm_ws/install/arm_description/share/arm_description//rviz/arm_config.rviz
[1.793s] -- Installing: /home/albert/ag_arm_ws/install/arm_description/share/arm_description//urdf
[1.793s] -- Installing: /home/albert/ag_arm_ws/install/arm_description/share/arm_description//urdf/arm_gazebo.xacro
[1.794s] -- Installing: /home/albert/ag_arm_ws/install/arm_description/share/arm_description//urdf/arm_common_properties.xacro
[1.794s] -- Installing: /home/albert/ag_arm_ws/install/arm_description/share/arm_description//urdf/arm.urdf
[1.794s] -- Installing: /home/albert/ag_arm_ws/install/arm_description/share/arm_description//urdf/arm_ros2_control.xacro
[1.794s] -- Installing: /home/albert/ag_arm_ws/install/arm_description/share/arm_description//urdf/arm.xacro
[1.794s] -- Installing: /home/albert/ag_arm_ws/install/arm_description/share/arm_description//worlds
[1.794s] -- Installing: /home/albert/ag_arm_ws/install/arm_description/share/arm_description//worlds/test_world.world
[1.795s] -- Installing: /home/albert/ag_arm_ws/install/arm_description/share/arm_description//worlds/smalltown.world
[1.796s] -- Installing: /home/albert/ag_arm_ws/install/arm_description/share/arm_description//worlds/turtlebot3_world.world
[1.796s] -- Installing: /home/albert/ag_arm_ws/install/arm_description/share/arm_description//worlds/new_world.world
[1.797s] -- Installing: /home/albert/ag_arm_ws/install/arm_description/share/arm_description//worlds/house.world
[1.797s] -- Installing: /home/albert/ag_arm_ws/install/arm_description/share/arm_description//worlds/new_world-old.world
[1.798s] -- Installing: /home/albert/ag_arm_ws/install/arm_description/share/arm_description//worlds/empty_world.world
[1.798s] -- Installing: /home/albert/ag_arm_ws/install/arm_description/share/ament_index/resource_index/package_run_dependencies/arm_description
[1.799s] -- Installing: /home/albert/ag_arm_ws/install/arm_description/share/ament_index/resource_index/parent_prefix_path/arm_description
[1.799s] -- Installing: /home/albert/ag_arm_ws/install/arm_description/share/arm_description/environment/ament_prefix_path.sh
[1.800s] -- Installing: /home/albert/ag_arm_ws/install/arm_description/share/arm_description/environment/ament_prefix_path.dsv
[1.800s] -- Installing: /home/albert/ag_arm_ws/install/arm_description/share/arm_description/environment/path.sh
[1.800s] -- Installing: /home/albert/ag_arm_ws/install/arm_description/share/arm_description/environment/path.dsv
[1.800s] -- Installing: /home/albert/ag_arm_ws/install/arm_description/share/arm_description/local_setup.bash
[1.800s] -- Installing: /home/albert/ag_arm_ws/install/arm_description/share/arm_description/local_setup.sh
[1.800s] -- Installing: /home/albert/ag_arm_ws/install/arm_description/share/arm_description/local_setup.zsh
[1.801s] -- Installing: /home/albert/ag_arm_ws/install/arm_description/share/arm_description/local_setup.dsv
[1.801s] -- Installing: /home/albert/ag_arm_ws/install/arm_description/share/arm_description/package.dsv
[1.801s] -- Installing: /home/albert/ag_arm_ws/install/arm_description/share/ament_index/resource_index/packages/arm_description
[1.801s] -- Installing: /home/albert/ag_arm_ws/install/arm_description/share/arm_description/cmake/arm_descriptionConfig.cmake
[1.801s] -- Installing: /home/albert/ag_arm_ws/install/arm_description/share/arm_description/cmake/arm_descriptionConfig-version.cmake
[1.801s] -- Installing: /home/albert/ag_arm_ws/install/arm_description/share/arm_description/package.xml
[1.803s] Invoked command in '/home/albert/ag_arm_ws/build/arm_description' returned '0': CMAKE_PREFIX_PATH=${CMAKE_PREFIX_PATH}:/home/albert/ws_moveit2/install/moveit_configs_utils:/home/albert/ws_moveit2/install/launch_param_builder:/home/albert/umov_ws/install/arduino_py_examples:/home/albert/udem2_ws/install/actions_py:/home/albert/udem2_ws/install/lifecycle_py:/home/albert/udem2_ws/install/executors_py:/home/albert/udem2_ws/install/components_py:/home/albert/udem_ws/install/turtlesim_catcher:/home/albert/udem_ws/install/my_py_pkg:/home/albert/udem_ws/install/lifecycle_py:/home/albert/bcdc_ws/install/agbot_teleop:/home/albert/bcdc_ws/install/agbot_py:/home/albert/arduinobot_ws/install/arduinobot_py_examples:/opt/ros/humble /home/albert/.local/bin/cmake --install /home/albert/ag_arm_ws/build/arm_description
