-- Install configuration: ""
-- Up-to-date: /home/albert/ag_arm_ws/install/arm_description/share/arm_description//launch
-- Up-to-date: /home/albert/ag_arm_ws/install/arm_description/share/arm_description//launch/arm_display.launch.py
-- Up-to-date: /home/albert/ag_arm_ws/install/arm_description/share/arm_description//launch/arm_gazebo.launch.py
-- Up-to-date: /home/albert/ag_arm_ws/install/arm_description/share/arm_description//meshes
-- Up-to-date: /home/albert/ag_arm_ws/install/arm_description/share/arm_description//meshes/right_finger.STL
-- Up-to-date: /home/albert/ag_arm_ws/install/arm_description/share/arm_description//meshes/triangular_link.STL
-- Up-to-date: /home/albert/ag_arm_ws/install/arm_description/share/arm_description//meshes/round_plate.STL
-- Up-to-date: /home/albert/ag_arm_ws/install/arm_description/share/arm_description//meshes/left_finger.STL
-- Up-to-date: /home/albert/ag_arm_ws/install/arm_description/share/arm_description//meshes/vertical_drive_arm.STL
-- Up-to-date: /home/albert/ag_arm_ws/install/arm_description/share/arm_description//meshes/astra.jpg
-- Up-to-date: /home/albert/ag_arm_ws/install/arm_description/share/arm_description//meshes/claw_support.STL
-- Up-to-date: /home/albert/ag_arm_ws/install/arm_description/share/arm_description//meshes/link.STL
-- Up-to-date: /home/albert/ag_arm_ws/install/arm_description/share/arm_description//meshes/r200.jpg
-- Up-to-date: /home/albert/ag_arm_ws/install/arm_description/share/arm_description//meshes/horizontal_arm.STL
-- Up-to-date: /home/albert/ag_arm_ws/install/arm_description/share/arm_description//meshes/r200.dae
-- Up-to-date: /home/albert/ag_arm_ws/install/arm_description/share/arm_description//meshes/astra.dae
-- Up-to-date: /home/albert/ag_arm_ws/install/arm_description/share/arm_description//meshes/basement.STL
-- Up-to-date: /home/albert/ag_arm_ws/install/arm_description/share/arm_description//meshes/forward_drive_arm.STL
-- Up-to-date: /home/albert/ag_arm_ws/install/arm_description/share/arm_description//meshes/right_tire.stl
-- Up-to-date: /home/albert/ag_arm_ws/install/arm_description/share/arm_description//meshes/lidar.stl
-- Up-to-date: /home/albert/ag_arm_ws/install/arm_description/share/arm_description//meshes/servo_plate.STL
-- Up-to-date: /home/albert/ag_arm_ws/install/arm_description/share/arm_description//meshes/plate.STL
-- Up-to-date: /home/albert/ag_arm_ws/install/arm_description/share/arm_description//meshes/base_plate.STL
-- Up-to-date: /home/albert/ag_arm_ws/install/arm_description/share/arm_description//meshes/left_tire copy.stl
-- Up-to-date: /home/albert/ag_arm_ws/install/arm_description/share/arm_description//meshes/left_tire.stl
-- Up-to-date: /home/albert/ag_arm_ws/install/arm_description/share/arm_description//meshes/right_tire copy.stl
-- Up-to-date: /home/albert/ag_arm_ws/install/arm_description/share/arm_description//meshes/pi_camera.STL
-- Up-to-date: /home/albert/ag_arm_ws/install/arm_description/share/arm_description//models
-- Up-to-date: /home/albert/ag_arm_ws/install/arm_description/share/arm_description//models/ground_plane
-- Up-to-date: /home/albert/ag_arm_ws/install/arm_description/share/arm_description//models/ground_plane/model-1_2.sdf
-- Up-to-date: /home/albert/ag_arm_ws/install/arm_description/share/arm_description//models/ground_plane/model-1_3.sdf
-- Up-to-date: /home/albert/ag_arm_ws/install/arm_description/share/arm_description//models/ground_plane/model.config
-- Up-to-date: /home/albert/ag_arm_ws/install/arm_description/share/arm_description//models/ground_plane/model.sdf
-- Up-to-date: /home/albert/ag_arm_ws/install/arm_description/share/arm_description//models/ground_plane/model-1_4.sdf
-- Up-to-date: /home/albert/ag_arm_ws/install/arm_description/share/arm_description//models/basic_agbot_description
-- Up-to-date: /home/albert/ag_arm_ws/install/arm_description/share/arm_description//models/basic_agbot_description/agbot.sdf
-- Up-to-date: /home/albert/ag_arm_ws/install/arm_description/share/arm_description//models/basic_agbot_description/agbot_model.config
-- Up-to-date: /home/albert/ag_arm_ws/install/arm_description/share/arm_description//models/sun
-- Up-to-date: /home/albert/ag_arm_ws/install/arm_description/share/arm_description//models/sun/model-1_2.sdf
-- Up-to-date: /home/albert/ag_arm_ws/install/arm_description/share/arm_description//models/sun/model-1_3.sdf
-- Up-to-date: /home/albert/ag_arm_ws/install/arm_description/share/arm_description//models/sun/model.config
-- Up-to-date: /home/albert/ag_arm_ws/install/arm_description/share/arm_description//models/sun/model.sdf
-- Up-to-date: /home/albert/ag_arm_ws/install/arm_description/share/arm_description//models/sun/model-1_4.sdf
-- Up-to-date: /home/albert/ag_arm_ws/install/arm_description/share/arm_description//rviz
-- Up-to-date: /home/albert/ag_arm_ws/install/arm_description/share/arm_description//rviz/arm_config.rviz
-- Up-to-date: /home/albert/ag_arm_ws/install/arm_description/share/arm_description//urdf
-- Up-to-date: /home/albert/ag_arm_ws/install/arm_description/share/arm_description//urdf/arm_gazebo.xacro
-- Up-to-date: /home/albert/ag_arm_ws/install/arm_description/share/arm_description//urdf/arm_common_properties.xacro
-- Up-to-date: /home/albert/ag_arm_ws/install/arm_description/share/arm_description//urdf/arm.urdf
-- Up-to-date: /home/albert/ag_arm_ws/install/arm_description/share/arm_description//urdf/arm_ros2_control.xacro
-- Up-to-date: /home/albert/ag_arm_ws/install/arm_description/share/arm_description//urdf/arm.xacro
-- Up-to-date: /home/albert/ag_arm_ws/install/arm_description/share/arm_description//worlds
-- Up-to-date: /home/albert/ag_arm_ws/install/arm_description/share/arm_description//worlds/test_world.world
-- Up-to-date: /home/albert/ag_arm_ws/install/arm_description/share/arm_description//worlds/smalltown.world
-- Up-to-date: /home/albert/ag_arm_ws/install/arm_description/share/arm_description//worlds/turtlebot3_world.world
-- Up-to-date: /home/albert/ag_arm_ws/install/arm_description/share/arm_description//worlds/new_world.world
-- Up-to-date: /home/albert/ag_arm_ws/install/arm_description/share/arm_description//worlds/house.world
-- Up-to-date: /home/albert/ag_arm_ws/install/arm_description/share/arm_description//worlds/new_world-old.world
-- Up-to-date: /home/albert/ag_arm_ws/install/arm_description/share/arm_description//worlds/empty_world.world
-- Up-to-date: /home/albert/ag_arm_ws/install/arm_description/share/ament_index/resource_index/package_run_dependencies/arm_description
-- Up-to-date: /home/albert/ag_arm_ws/install/arm_description/share/ament_index/resource_index/parent_prefix_path/arm_description
-- Up-to-date: /home/albert/ag_arm_ws/install/arm_description/share/arm_description/environment/ament_prefix_path.sh
-- Up-to-date: /home/albert/ag_arm_ws/install/arm_description/share/arm_description/environment/ament_prefix_path.dsv
-- Up-to-date: /home/albert/ag_arm_ws/install/arm_description/share/arm_description/environment/path.sh
-- Up-to-date: /home/albert/ag_arm_ws/install/arm_description/share/arm_description/environment/path.dsv
-- Up-to-date: /home/albert/ag_arm_ws/install/arm_description/share/arm_description/local_setup.bash
-- Up-to-date: /home/albert/ag_arm_ws/install/arm_description/share/arm_description/local_setup.sh
-- Up-to-date: /home/albert/ag_arm_ws/install/arm_description/share/arm_description/local_setup.zsh
-- Up-to-date: /home/albert/ag_arm_ws/install/arm_description/share/arm_description/local_setup.dsv
-- Up-to-date: /home/albert/ag_arm_ws/install/arm_description/share/arm_description/package.dsv
-- Up-to-date: /home/albert/ag_arm_ws/install/arm_description/share/ament_index/resource_index/packages/arm_description
-- Up-to-date: /home/albert/ag_arm_ws/install/arm_description/share/arm_description/cmake/arm_descriptionConfig.cmake
-- Up-to-date: /home/albert/ag_arm_ws/install/arm_description/share/arm_description/cmake/arm_descriptionConfig-version.cmake
-- Up-to-date: /home/albert/ag_arm_ws/install/arm_description/share/arm_description/package.xml
