[0.039s] Invoking command in '/home/albert/ag_arm_ws/build/arm_cpp': CMAKE_PREFIX_PATH=${CMAKE_PREFIX_PATH}:/home/albert/ws_moveit2/install/moveit_configs_utils:/home/albert/ws_moveit2/install/launch_param_builder:/home/albert/umov_ws/install/arduino_py_examples:/home/albert/udem2_ws/install/actions_py:/home/albert/udem2_ws/install/lifecycle_py:/home/albert/udem2_ws/install/executors_py:/home/albert/udem2_ws/install/components_py:/home/albert/udem_ws/install/turtlesim_catcher:/home/albert/udem_ws/install/my_py_pkg:/home/albert/udem_ws/install/lifecycle_py:/home/albert/bcdc_ws/install/agbot_teleop:/home/albert/bcdc_ws/install/agbot_py:/home/albert/arduinobot_ws/install/arduinobot_py_examples:/opt/ros/humble /home/albert/.local/bin/cmake --build /home/albert/ag_arm_ws/build/arm_cpp -- -j8 -l8
[0.155s] [ 33%] Built target simple_lifecycle_node
[0.190s] [ 50%] [32mBuilding CXX object CMakeFiles/move_group_to_cartesian.dir/src/move_group_to_cartesian.cpp.o[0m
[0.199s] [ 66%] [32mBuilding CXX object CMakeFiles/arm_moveit_interface.dir/src/arm_moveit_interface.cpp.o[0m
[7.207s] [01m[K/home/albert/ag_arm_ws/src/arm_cpp/src/move_group_to_cartesian.cpp:[m[K In member function ‘[01m[Kstd::vector<double, std::allocator<double> > RobotMover::extractJointPositionsFromSDF(const string&, const string&)[m[K’:
[7.207s] [01m[K/home/albert/ag_arm_ws/src/arm_cpp/src/move_group_to_cartesian.cpp:51:9:[m[K [01;31m[Kerror: [m[K‘[01m[Ksdf[m[K’ has not been declared
[7.207s]    51 |         [01;31m[Ksdf[m[K::SDF sdf;
[7.207s]       |         [01;31m[K^~~[m[K
[7.207s] [01m[K/home/albert/ag_arm_ws/src/arm_cpp/src/move_group_to_cartesian.cpp:52:9:[m[K [01;31m[Kerror: [m[K‘[01m[Ksdf[m[K’ has not been declared
[7.208s]    52 |         [01;31m[Ksdf[m[K::init(sdf);
[7.208s]       |         [01;31m[K^~~[m[K
[7.213s] [01m[K/home/albert/ag_arm_ws/src/arm_cpp/src/move_group_to_cartesian.cpp:52:19:[m[K [01;31m[Kerror: [m[K‘[01m[Ksdf[m[K’ was not declared in this scope; did you mean ‘[01m[Ksrdf[m[K’?
[7.213s]    52 |         sdf::init([01;31m[Ksdf[m[K);
[7.214s]       |                   [01;31m[K^~~[m[K
[7.214s]       |                   [32m[Ksrdf[m[K
[7.214s] [01m[K/home/albert/ag_arm_ws/src/arm_cpp/src/move_group_to_cartesian.cpp:53:9:[m[K [01;31m[Kerror: [m[K‘[01m[Ksdf[m[K’ is not a class, namespace, or enumeration
[7.214s]    53 |         [01;31m[Ksdf[m[K::readFile(sdf_file_path_, sdf);
[7.214s]       |         [01;31m[K^~~[m[K
[7.214s] [01m[K/home/albert/ag_arm_ws/src/arm_cpp/src/move_group_to_cartesian.cpp:57:9:[m[K [01;31m[Kerror: [m[K‘[01m[Ksdf[m[K’ is not a class, namespace, or enumeration
[7.214s]    57 |         [01;31m[Ksdf[m[K::ElementPtr model = sdf.root->GetElement("model");
[7.214s]       |         [01;31m[K^~~[m[K
[7.214s] [01m[K/home/albert/ag_arm_ws/src/arm_cpp/src/move_group_to_cartesian.cpp:58:9:[m[K [01;31m[Kerror: [m[K‘[01m[Ksdf[m[K’ is not a class, namespace, or enumeration
[7.215s]    58 |         [01;31m[Ksdf[m[K::ElementPtr joint_states = model->GetElement("joint_states");
[7.215s]       |         [01;31m[K^~~[m[K
[7.226s] [01m[K/home/albert/ag_arm_ws/src/arm_cpp/src/move_group_to_cartesian.cpp:60:16:[m[K [01;31m[Kerror: [m[K‘[01m[Kjoint_states[m[K’ was not declared in this scope
[7.226s]    60 |         while ([01;31m[Kjoint_states[m[K) {
[7.226s]       |                [01;31m[K^~~~~~~~~~~~[m[K
[7.227s] [01m[K/home/albert/ag_arm_ws/src/arm_cpp/src/move_group_to_cartesian.cpp:61:61:[m[K [01;31m[Kerror: [m[Kexpected primary-expression before ‘[01m[K>[m[K’ token
[7.227s]    61 |             std::string name = joint_states->Get<std::string[01;31m[K>[m[K("name");
[7.227s]       |                                                             [01;31m[K^[m[K
[7.227s] [01m[K/home/albert/ag_arm_ws/src/arm_cpp/src/move_group_to_cartesian.cpp:62:62:[m[K [01;31m[Kerror: [m[Kexpected primary-expression before ‘[01m[K>[m[K’ token
[7.227s]    62 |             std::string state = joint_states->Get<std::string[01;31m[K>[m[K("state");
[7.227s]       |                                                              [01;31m[K^[m[K
[7.227s] [01m[K/home/albert/ag_arm_ws/src/arm_cpp/src/move_group_to_cartesian.cpp:65:71:[m[K [01;31m[Kerror: [m[Kexpected primary-expression before ‘[01m[K>[m[K’ token
[7.227s]    65 |                 joint_positions = joint_states->Get<std::vector<double[01;31m[K>>[m[K("positions");
[7.227s]       |                                                                       [01;31m[K^~[m[K
[7.253s] [01m[K/home/albert/ag_arm_ws/src/arm_cpp/src/arm_moveit_interface.cpp:[m[K In member function ‘[01m[Kvoid AgArmMover::moveRail()[m[K’:
[7.253s] [01m[K/home/albert/ag_arm_ws/src/arm_cpp/src/arm_moveit_interface.cpp:43:85:[m[K [01;31m[Kerror: [m[K‘[01m[Kmoveit::planning_interface::core[m[K’ has not been declared
[7.254s]    43 |        bool success = (rail_group_->plan(rail_plan) == moveit::planning_interface::[01;31m[Kcore[m[K::MoveItErrorCode::SUCCESS);
[7.254s]       |                                                                                    [01;31m[K^~~~[m[K
[7.254s] 
[7.255s] [01m[K/home/albert/ag_arm_ws/src/arm_cpp/src/arm_moveit_interface.cpp:[m[K In member function ‘[01m[Kvoid AgArmMover::moveArm()[m[K’:
[7.255s] [01m[K/home/albert/ag_arm_ws/src/arm_cpp/src/arm_moveit_interface.cpp:67:83:[m[K [01;31m[Kerror: [m[K‘[01m[Kmoveit::planning_interface::core[m[K’ has not been declared
[7.255s]    67 |         bool success = (arm_group_->plan(arm_plan) == moveit::planning_interface::[01;31m[Kcore[m[K::MoveItErrorCode::SUCCESS);
[7.255s]       |                                                                                   [01;31m[K^~~~[m[K
[7.256s] [01m[K/home/albert/ag_arm_ws/src/arm_cpp/src/arm_moveit_interface.cpp:[m[K In member function ‘[01m[Kvoid AgArmMover::controlGripper(bool)[m[K’:
[7.256s] [01m[K/home/albert/ag_arm_ws/src/arm_cpp/src/arm_moveit_interface.cpp:87:91:[m[K [01;31m[Kerror: [m[K‘[01m[Kmoveit::planning_interface::core[m[K’ has not been declared
[7.256s]    87 |  bool success = (gripper_group_->plan(gripper_plan) == moveit::planning_interface::[01;31m[Kcore[m[K::MoveItErrorCode::SUCCESS);
[7.256s]       |                                                                                    [01;31m[K^~~~[m[K
[7.256s] 
[7.264s] [01m[K/home/albert/ag_arm_ws/src/arm_cpp/src/arm_moveit_interface.cpp:[m[K In function ‘[01m[Kint main(int, char**)[m[K’:
[7.264s] [01m[K/home/albert/ag_arm_ws/src/arm_cpp/src/arm_moveit_interface.cpp:103:35:[m[K [01;31m[Kerror: [m[K‘[01m[KAgBotMover[m[K’ was not declared in this scope; did you mean ‘[01m[KAgArmMover[m[K’?
[7.264s]   103 |     rclcpp::spin(std::make_shared<[01;31m[KAgBotMover[m[K>());
[7.264s]       |                                   [01;31m[K^~~~~~~~~~[m[K
[7.264s]       |                                   [32m[KAgArmMover[m[K
[7.265s] [01m[K/home/albert/ag_arm_ws/src/arm_cpp/src/arm_moveit_interface.cpp:103:46:[m[K [01;31m[Kerror: [m[Kno matching function for call to ‘[01m[Kmake_shared<<expression error> >()[m[K’
[7.265s]   103 |     rclcpp::spin([01;31m[Kstd::make_shared<AgBotMover>()[m[K);
[7.265s]       |                  [01;31m[K~~~~~~~~~~~~~~~~~~~~~~~~~~~~^~[m[K
[7.265s] In file included from [01m[K/usr/include/c++/11/memory:77[m[K,
[7.265s]                  from [01m[K/opt/ros/humble/include/rclcpp/rclcpp/rclcpp.hpp:153[m[K,
[7.265s]                  from [01m[K/home/albert/ag_arm_ws/src/arm_cpp/src/arm_moveit_interface.cpp:1[m[K:
[7.265s] [01m[K/usr/include/c++/11/bits/shared_ptr.h:875:5:[m[K [01;36m[Knote: [m[Kcandidate: ‘[01m[Ktemplate<class _Tp, class ... _Args> std::shared_ptr<_Tp> std::make_shared(_Args&& ...)[m[K’
[7.265s]   875 |     [01;36m[Kmake_shared[m[K(_Args&&... __args)
[7.265s]       |     [01;36m[K^~~~~~~~~~~[m[K
[7.266s] [01m[K/usr/include/c++/11/bits/shared_ptr.h:875:5:[m[K [01;36m[Knote: [m[K  template argument deduction/substitution failed:
[7.266s] [01m[K/home/albert/ag_arm_ws/src/arm_cpp/src/arm_moveit_interface.cpp:103:46:[m[K [01;31m[Kerror: [m[Ktemplate argument 1 is invalid
[7.266s]   103 |     rclcpp::spin([01;31m[Kstd::make_shared<AgBotMover>()[m[K);
[7.266s]       |                  [01;31m[K~~~~~~~~~~~~~~~~~~~~~~~~~~~~^~[m[K
[8.756s] In file included from [01m[K/usr/include/x86_64-linux-gnu/c++/11/bits/c++allocator.h:33[m[K,
[8.757s]                  from [01m[K/usr/include/c++/11/bits/allocator.h:46[m[K,
[8.757s]                  from [01m[K/usr/include/c++/11/memory:64[m[K,
[8.758s]                  from [01m[K/opt/ros/humble/include/rclcpp/rclcpp/rclcpp.hpp:153[m[K,
[8.758s]                  from [01m[K/home/albert/ag_arm_ws/src/arm_cpp/src/move_group_to_cartesian.cpp:1[m[K:
[8.758s] /usr/include/c++/11/ext/new_allocator.h: In instantiation of ‘[01m[Kvoid __gnu_cxx::new_allocator<_Tp>::construct(_Up*, _Args&& ...) [with _Up = moveit::planning_interface::MoveGroupInterface; _Args = {const char (&)[12]}; _Tp = moveit::planning_interface::MoveGroupInterface][m[K’:
[8.758s] [01m[K/usr/include/c++/11/bits/alloc_traits.h:516:17:[m[K   required from ‘[01m[Kstatic void std::allocator_traits<std::allocator<_Tp1> >::construct(std::allocator_traits<std::allocator<_Tp1> >::allocator_type&, _Up*, _Args&& ...) [with _Up = moveit::planning_interface::MoveGroupInterface; _Args = {const char (&)[12]}; _Tp = moveit::planning_interface::MoveGroupInterface; std::allocator_traits<std::allocator<_Tp1> >::allocator_type = std::allocator<moveit::planning_interface::MoveGroupInterface>][m[K’
[8.758s] [01m[K/usr/include/c++/11/bits/shared_ptr_base.h:519:39:[m[K   required from ‘[01m[Kstd::_Sp_counted_ptr_inplace<_Tp, _Alloc, _Lp>::_Sp_counted_ptr_inplace(_Alloc, _Args&& ...) [with _Args = {const char (&)[12]}; _Tp = moveit::planning_interface::MoveGroupInterface; _Alloc = std::allocator<moveit::planning_interface::MoveGroupInterface>; __gnu_cxx::_Lock_policy _Lp = __gnu_cxx::_S_atomic][m[K’
[8.758s] [01m[K/usr/include/c++/11/bits/shared_ptr_base.h:650:16:[m[K   required from ‘[01m[Kstd::__shared_count<_Lp>::__shared_count(_Tp*&, std::_Sp_alloc_shared_tag<_Alloc>, _Args&& ...) [with _Tp = moveit::planning_interface::MoveGroupInterface; _Alloc = std::allocator<moveit::planning_interface::MoveGroupInterface>; _Args = {const char (&)[12]}; __gnu_cxx::_Lock_policy _Lp = __gnu_cxx::_S_atomic][m[K’
[8.758s] [01m[K/usr/include/c++/11/bits/shared_ptr_base.h:1342:14:[m[K   required from ‘[01m[Kstd::__shared_ptr<_Tp, _Lp>::__shared_ptr(std::_Sp_alloc_shared_tag<_Tp>, _Args&& ...) [with _Alloc = std::allocator<moveit::planning_interface::MoveGroupInterface>; _Args = {const char (&)[12]}; _Tp = moveit::planning_interface::MoveGroupInterface; __gnu_cxx::_Lock_policy _Lp = __gnu_cxx::_S_atomic][m[K’
[8.758s] [01m[K/usr/include/c++/11/bits/shared_ptr.h:409:59:[m[K   required from ‘[01m[Kstd::shared_ptr<_Tp>::shared_ptr(std::_Sp_alloc_shared_tag<_Tp>, _Args&& ...) [with _Alloc = std::allocator<moveit::planning_interface::MoveGroupInterface>; _Args = {const char (&)[12]}; _Tp = moveit::planning_interface::MoveGroupInterface][m[K’
[8.759s] [01m[K/usr/include/c++/11/bits/shared_ptr.h:862:14:[m[K   required from ‘[01m[Kstd::shared_ptr<_Tp> std::allocate_shared(const _Alloc&, _Args&& ...) [with _Tp = moveit::planning_interface::MoveGroupInterface; _Alloc = std::allocator<moveit::planning_interface::MoveGroupInterface>; _Args = {const char (&)[12]}][m[K’
[8.759s] [01m[K/usr/include/c++/11/bits/shared_ptr.h:878:39:[m[K   required from ‘[01m[Kstd::shared_ptr<_Tp> std::make_shared(_Args&& ...) [with _Tp = moveit::planning_interface::MoveGroupInterface; _Args = {const char (&)[12]}][m[K’
[8.759s] [01m[K/home/albert/ag_arm_ws/src/arm_cpp/src/move_group_to_cartesian.cpp:15:87:[m[K   required from here
[8.759s] [01m[K/usr/include/c++/11/ext/new_allocator.h:162:11:[m[K [01;31m[Kerror: [m[Kno matching function for call to ‘[01m[Kmoveit::planning_interface::MoveGroupInterface::MoveGroupInterface(const char [12])[m[K’
[8.759s]   162 |         { [01;31m[K::new((void *)__p) _Up(std::forward<_Args>(__args)...)[m[K; }
[8.759s]       |           [01;31m[K^~~~~~~~~~~~~~~~~~~~~~~~~~~~~~~~~~~~~~~~~~~~~~~~~~~~~~[m[K
[8.759s] In file included from [01m[K/home/albert/ag_arm_ws/src/arm_cpp/src/move_group_to_cartesian.cpp:2[m[K:
[8.759s] [01m[K/home/albert/ws_moveit2/install/moveit_ros_planning_interface/include/moveit/move_group_interface/move_group_interface.h:159:3:[m[K [01;36m[Knote: [m[Kcandidate: ‘[01m[Kmoveit::planning_interface::MoveGroupInterface::MoveGroupInterface(moveit::planning_interface::MoveGroupInterface&&)[m[K’
[8.759s]   159 |   [01;36m[KMoveGroupInterface[m[K(MoveGroupInterface&& other) noexcept;
[8.760s]       |   [01;36m[K^~~~~~~~~~~~~~~~~~[m[K
[8.760s] [01m[K/home/albert/ws_moveit2/install/moveit_ros_planning_interface/include/moveit/move_group_interface/move_group_interface.h:159:43:[m[K [01;36m[Knote: [m[K  no known conversion for argument 1 from ‘[01m[Kconst char [12][m[K’ to ‘[01m[Kmoveit::planning_interface::MoveGroupInterface&&[m[K’
[8.760s]   159 |   MoveGroupInterface([01;36m[KMoveGroupInterface&& other[m[K) noexcept;
[8.760s]       |                      [01;36m[K~~~~~~~~~~~~~~~~~~~~~^~~~~[m[K
[8.760s] [01m[K/home/albert/ws_moveit2/install/moveit_ros_planning_interface/include/moveit/move_group_interface/move_group_interface.h:145:3:[m[K [01;36m[Knote: [m[Kcandidate: ‘[01m[Kmoveit::planning_interface::MoveGroupInterface::MoveGroupInterface(const SharedPtr&, const string&, const std::shared_ptr<tf2_ros::Buffer>&, const rclcpp::Duration&)[m[K’
[8.760s]   145 |   [01;36m[KMoveGroupInterface[m[K(const rclcpp::Node::SharedPtr& node, const std::string& group,
[8.760s]       |   [01;36m[K^~~~~~~~~~~~~~~~~~[m[K
[8.760s] [01m[K/home/albert/ws_moveit2/install/moveit_ros_planning_interface/include/moveit/move_group_interface/move_group_interface.h:145:3:[m[K [01;36m[Knote: [m[K  candidate expects 4 arguments, 1 provided
[8.760s] [01m[K/home/albert/ws_moveit2/install/moveit_ros_planning_interface/include/moveit/move_group_interface/move_group_interface.h:134:3:[m[K [01;36m[Knote: [m[Kcandidate: ‘[01m[Kmoveit::planning_interface::MoveGroupInterface::MoveGroupInterface(const SharedPtr&, const moveit::planning_interface::MoveGroupInterface::Options&, const std::shared_ptr<tf2_ros::Buffer>&, const rclcpp::Duration&)[m[K’
[8.761s]   134 |   [01;36m[KMoveGroupInterface[m[K(const rclcpp::Node::SharedPtr& node, const Options& opt,
[8.761s]       |   [01;36m[K^~~~~~~~~~~~~~~~~~[m[K
[8.761s] [01m[K/home/albert/ws_moveit2/install/moveit_ros_planning_interface/include/moveit/move_group_interface/move_group_interface.h:134:3:[m[K [01;36m[Knote: [m[K  candidate expects 4 arguments, 1 provided
[8.761s] In file included from [01m[K/usr/include/x86_64-linux-gnu/c++/11/bits/c++allocator.h:33[m[K,
[8.761s]                  from [01m[K/usr/include/c++/11/bits/allocator.h:46[m[K,
[8.761s]                  from [01m[K/usr/include/c++/11/memory:64[m[K,
[8.761s]                  from [01m[K/opt/ros/humble/include/rclcpp/rclcpp/rclcpp.hpp:153[m[K,
[8.761s]                  from [01m[K/home/albert/ag_arm_ws/src/arm_cpp/src/move_group_to_cartesian.cpp:1[m[K:
[8.761s] /usr/include/c++/11/ext/new_allocator.h: In instantiation of ‘[01m[Kvoid __gnu_cxx::new_allocator<_Tp>::construct(_Up*, _Args&& ...) [with _Up = moveit::planning_interface::MoveGroupInterface; _Args = {const char (&)[4]}; _Tp = moveit::planning_interface::MoveGroupInterface][m[K’:
[8.762s] [01m[K/usr/include/c++/11/bits/alloc_traits.h:516:17:[m[K   required from ‘[01m[Kstatic void std::allocator_traits<std::allocator<_Tp1> >::construct(std::allocator_traits<std::allocator<_Tp1> >::allocator_type&, _Up*, _Args&& ...) [with _Up = moveit::planning_interface::MoveGroupInterface; _Args = {const char (&)[4]}; _Tp = moveit::planning_interface::MoveGroupInterface; std::allocator_traits<std::allocator<_Tp1> >::allocator_type = std::allocator<moveit::planning_interface::MoveGroupInterface>][m[K’
[8.762s] [01m[K/usr/include/c++/11/bits/shared_ptr_base.h:519:39:[m[K   required from ‘[01m[Kstd::_Sp_counted_ptr_inplace<_Tp, _Alloc, _Lp>::_Sp_counted_ptr_inplace(_Alloc, _Args&& ...) [with _Args = {const char (&)[4]}; _Tp = moveit::planning_interface::MoveGroupInterface; _Alloc = std::allocator<moveit::planning_interface::MoveGroupInterface>; __gnu_cxx::_Lock_policy _Lp = __gnu_cxx::_S_atomic][m[K’
[8.762s] [01m[K/usr/include/c++/11/bits/shared_ptr_base.h:650:16:[m[K   required from ‘[01m[Kstd::__shared_count<_Lp>::__shared_count(_Tp*&, std::_Sp_alloc_shared_tag<_Alloc>, _Args&& ...) [with _Tp = moveit::planning_interface::MoveGroupInterface; _Alloc = std::allocator<moveit::planning_interface::MoveGroupInterface>; _Args = {const char (&)[4]}; __gnu_cxx::_Lock_policy _Lp = __gnu_cxx::_S_atomic][m[K’
[8.762s] [01m[K/usr/include/c++/11/bits/shared_ptr_base.h:1342:14:[m[K   required from ‘[01m[Kstd::__shared_ptr<_Tp, _Lp>::__shared_ptr(std::_Sp_alloc_shared_tag<_Tp>, _Args&& ...) [with _Alloc = std::allocator<moveit::planning_interface::MoveGroupInterface>; _Args = {const char (&)[4]}; _Tp = moveit::planning_interface::MoveGroupInterface; __gnu_cxx::_Lock_policy _Lp = __gnu_cxx::_S_atomic][m[K’
[8.762s] [01m[K/usr/include/c++/11/bits/shared_ptr.h:409:59:[m[K   required from ‘[01m[Kstd::shared_ptr<_Tp>::shared_ptr(std::_Sp_alloc_shared_tag<_Tp>, _Args&& ...) [with _Alloc = std::allocator<moveit::planning_interface::MoveGroupInterface>; _Args = {const char (&)[4]}; _Tp = moveit::planning_interface::MoveGroupInterface][m[K’
[8.762s] [01m[K/usr/include/c++/11/bits/shared_ptr.h:862:14:[m[K   required from ‘[01m[Kstd::shared_ptr<_Tp> std::allocate_shared(const _Alloc&, _Args&& ...) [with _Tp = moveit::planning_interface::MoveGroupInterface; _Alloc = std::allocator<moveit::planning_interface::MoveGroupInterface>; _Args = {const char (&)[4]}][m[K’
[8.762s] [01m[K/usr/include/c++/11/bits/shared_ptr.h:878:39:[m[K   required from ‘[01m[Kstd::shared_ptr<_Tp> std::make_shared(_Args&& ...) [with _Tp = moveit::planning_interface::MoveGroupInterface; _Args = {const char (&)[4]}][m[K’
[8.762s] [01m[K/home/albert/ag_arm_ws/src/arm_cpp/src/move_group_to_cartesian.cpp:16:86:[m[K   required from here
[8.762s] [01m[K/usr/include/c++/11/ext/new_allocator.h:162:11:[m[K [01;31m[Kerror: [m[Kno matching function for call to ‘[01m[Kmoveit::planning_interface::MoveGroupInterface::MoveGroupInterface(const char [4])[m[K’
[8.763s]   162 |         { [01;31m[K::new((void *)__p) _Up(std::forward<_Args>(__args)...)[m[K; }
[8.763s]       |           [01;31m[K^~~~~~~~~~~~~~~~~~~~~~~~~~~~~~~~~~~~~~~~~~~~~~~~~~~~~~[m[K
[8.763s] In file included from [01m[K/home/albert/ag_arm_ws/src/arm_cpp/src/move_group_to_cartesian.cpp:2[m[K:
[8.763s] [01m[K/home/albert/ws_moveit2/install/moveit_ros_planning_interface/include/moveit/move_group_interface/move_group_interface.h:159:3:[m[K [01;36m[Knote: [m[Kcandidate: ‘[01m[Kmoveit::planning_interface::MoveGroupInterface::MoveGroupInterface(moveit::planning_interface::MoveGroupInterface&&)[m[K’
[8.763s]   159 |   [01;36m[KMoveGroupInterface[m[K(MoveGroupInterface&& other) noexcept;
[8.763s]       |   [01;36m[K^~~~~~~~~~~~~~~~~~[m[K
[8.763s] [01m[K/home/albert/ws_moveit2/install/moveit_ros_planning_interface/include/moveit/move_group_interface/move_group_interface.h:159:43:[m[K [01;36m[Knote: [m[K  no known conversion for argument 1 from ‘[01m[Kconst char [4][m[K’ to ‘[01m[Kmoveit::planning_interface::MoveGroupInterface&&[m[K’
[8.763s]   159 |   MoveGroupInterface([01;36m[KMoveGroupInterface&& other[m[K) noexcept;
[8.763s]       |                      [01;36m[K~~~~~~~~~~~~~~~~~~~~~^~~~~[m[K
[8.764s] [01m[K/home/albert/ws_moveit2/install/moveit_ros_planning_interface/include/moveit/move_group_interface/move_group_interface.h:145:3:[m[K [01;36m[Knote: [m[Kcandidate: ‘[01m[Kmoveit::planning_interface::MoveGroupInterface::MoveGroupInterface(const SharedPtr&, const string&, const std::shared_ptr<tf2_ros::Buffer>&, const rclcpp::Duration&)[m[K’
[8.764s]   145 |   [01;36m[KMoveGroupInterface[m[K(const rclcpp::Node::SharedPtr& node, const std::string& group,
[8.764s]       |   [01;36m[K^~~~~~~~~~~~~~~~~~[m[K
[8.764s] [01m[K/home/albert/ws_moveit2/install/moveit_ros_planning_interface/include/moveit/move_group_interface/move_group_interface.h:145:3:[m[K [01;36m[Knote: [m[K  candidate expects 4 arguments, 1 provided
[8.764s] [01m[K/home/albert/ws_moveit2/install/moveit_ros_planning_interface/include/moveit/move_group_interface/move_group_interface.h:134:3:[m[K [01;36m[Knote: [m[Kcandidate: ‘[01m[Kmoveit::planning_interface::MoveGroupInterface::MoveGroupInterface(const SharedPtr&, const moveit::planning_interface::MoveGroupInterface::Options&, const std::shared_ptr<tf2_ros::Buffer>&, const rclcpp::Duration&)[m[K’
[8.764s]   134 |   [01;36m[KMoveGroupInterface[m[K(const rclcpp::Node::SharedPtr& node, const Options& opt,
[8.764s]       |   [01;36m[K^~~~~~~~~~~~~~~~~~[m[K
[8.764s] [01m[K/home/albert/ws_moveit2/install/moveit_ros_planning_interface/include/moveit/move_group_interface/move_group_interface.h:134:3:[m[K [01;36m[Knote: [m[K  candidate expects 4 arguments, 1 provided
[8.764s] In file included from [01m[K/usr/include/x86_64-linux-gnu/c++/11/bits/c++allocator.h:33[m[K,
[8.765s]                  from [01m[K/usr/include/c++/11/bits/allocator.h:46[m[K,
[8.765s]                  from [01m[K/usr/include/c++/11/memory:64[m[K,
[8.765s]                  from [01m[K/opt/ros/humble/include/rclcpp/rclcpp/rclcpp.hpp:153[m[K,
[8.765s]                  from [01m[K/home/albert/ag_arm_ws/src/arm_cpp/src/move_group_to_cartesian.cpp:1[m[K:
[8.765s] /usr/include/c++/11/ext/new_allocator.h: In instantiation of ‘[01m[Kvoid __gnu_cxx::new_allocator<_Tp>::construct(_Up*, _Args&& ...) [with _Up = moveit::planning_interface::MoveGroupInterface; _Args = {const char (&)[8]}; _Tp = moveit::planning_interface::MoveGroupInterface][m[K’:
[8.765s] [01m[K/usr/include/c++/11/bits/alloc_traits.h:516:17:[m[K   required from ‘[01m[Kstatic void std::allocator_traits<std::allocator<_Tp1> >::construct(std::allocator_traits<std::allocator<_Tp1> >::allocator_type&, _Up*, _Args&& ...) [with _Up = moveit::planning_interface::MoveGroupInterface; _Args = {const char (&)[8]}; _Tp = moveit::planning_interface::MoveGroupInterface; std::allocator_traits<std::allocator<_Tp1> >::allocator_type = std::allocator<moveit::planning_interface::MoveGroupInterface>][m[K’
[8.765s] [01m[K/usr/include/c++/11/bits/shared_ptr_base.h:519:39:[m[K   required from ‘[01m[Kstd::_Sp_counted_ptr_inplace<_Tp, _Alloc, _Lp>::_Sp_counted_ptr_inplace(_Alloc, _Args&& ...) [with _Args = {const char (&)[8]}; _Tp = moveit::planning_interface::MoveGroupInterface; _Alloc = std::allocator<moveit::planning_interface::MoveGroupInterface>; __gnu_cxx::_Lock_policy _Lp = __gnu_cxx::_S_atomic][m[K’
[8.765s] [01m[K/usr/include/c++/11/bits/shared_ptr_base.h:650:16:[m[K   required from ‘[01m[Kstd::__shared_count<_Lp>::__shared_count(_Tp*&, std::_Sp_alloc_shared_tag<_Alloc>, _Args&& ...) [with _Tp = moveit::planning_interface::MoveGroupInterface; _Alloc = std::allocator<moveit::planning_interface::MoveGroupInterface>; _Args = {const char (&)[8]}; __gnu_cxx::_Lock_policy _Lp = __gnu_cxx::_S_atomic][m[K’
[8.765s] [01m[K/usr/include/c++/11/bits/shared_ptr_base.h:1342:14:[m[K   required from ‘[01m[Kstd::__shared_ptr<_Tp, _Lp>::__shared_ptr(std::_Sp_alloc_shared_tag<_Tp>, _Args&& ...) [with _Alloc = std::allocator<moveit::planning_interface::MoveGroupInterface>; _Args = {const char (&)[8]}; _Tp = moveit::planning_interface::MoveGroupInterface; __gnu_cxx::_Lock_policy _Lp = __gnu_cxx::_S_atomic][m[K’
[8.766s] [01m[K/usr/include/c++/11/bits/shared_ptr.h:409:59:[m[K   required from ‘[01m[Kstd::shared_ptr<_Tp>::shared_ptr(std::_Sp_alloc_shared_tag<_Tp>, _Args&& ...) [with _Alloc = std::allocator<moveit::planning_interface::MoveGroupInterface>; _Args = {const char (&)[8]}; _Tp = moveit::planning_interface::MoveGroupInterface][m[K’
[8.766s] [01m[K/usr/include/c++/11/bits/shared_ptr.h:862:14:[m[K   required from ‘[01m[Kstd::shared_ptr<_Tp> std::allocate_shared(const _Alloc&, _Args&& ...) [with _Tp = moveit::planning_interface::MoveGroupInterface; _Alloc = std::allocator<moveit::planning_interface::MoveGroupInterface>; _Args = {const char (&)[8]}][m[K’
[8.766s] [01m[K/usr/include/c++/11/bits/shared_ptr.h:878:39:[m[K   required from ‘[01m[Kstd::shared_ptr<_Tp> std::make_shared(_Args&& ...) [with _Tp = moveit::planning_interface::MoveGroupInterface; _Args = {const char (&)[8]}][m[K’
[8.766s] [01m[K/home/albert/ag_arm_ws/src/arm_cpp/src/move_group_to_cartesian.cpp:17:90:[m[K   required from here
[8.766s] [01m[K/usr/include/c++/11/ext/new_allocator.h:162:11:[m[K [01;31m[Kerror: [m[Kno matching function for call to ‘[01m[Kmoveit::planning_interface::MoveGroupInterface::MoveGroupInterface(const char [8])[m[K’
[8.766s]   162 |         { [01;31m[K::new((void *)__p) _Up(std::forward<_Args>(__args)...)[m[K; }
[8.766s]       |           [01;31m[K^~~~~~~~~~~~~~~~~~~~~~~~~~~~~~~~~~~~~~~~~~~~~~~~~~~~~~[m[K
[8.766s] In file included from [01m[K/home/albert/ag_arm_ws/src/arm_cpp/src/move_group_to_cartesian.cpp:2[m[K:
[8.767s] [01m[K/home/albert/ws_moveit2/install/moveit_ros_planning_interface/include/moveit/move_group_interface/move_group_interface.h:159:3:[m[K [01;36m[Knote: [m[Kcandidate: ‘[01m[Kmoveit::planning_interface::MoveGroupInterface::MoveGroupInterface(moveit::planning_interface::MoveGroupInterface&&)[m[K’
[8.767s]   159 |   [01;36m[KMoveGroupInterface[m[K(MoveGroupInterface&& other) noexcept;
[8.767s]       |   [01;36m[K^~~~~~~~~~~~~~~~~~[m[K
[8.767s] [01m[K/home/albert/ws_moveit2/install/moveit_ros_planning_interface/include/moveit/move_group_interface/move_group_interface.h:159:43:[m[K [01;36m[Knote: [m[K  no known conversion for argument 1 from ‘[01m[Kconst char [8][m[K’ to ‘[01m[Kmoveit::planning_interface::MoveGroupInterface&&[m[K’
[8.767s]   159 |   MoveGroupInterface([01;36m[KMoveGroupInterface&& other[m[K) noexcept;
[8.767s]       |                      [01;36m[K~~~~~~~~~~~~~~~~~~~~~^~~~~[m[K
[8.767s] [01m[K/home/albert/ws_moveit2/install/moveit_ros_planning_interface/include/moveit/move_group_interface/move_group_interface.h:145:3:[m[K [01;36m[Knote: [m[Kcandidate: ‘[01m[Kmoveit::planning_interface::MoveGroupInterface::MoveGroupInterface(const SharedPtr&, const string&, const std::shared_ptr<tf2_ros::Buffer>&, const rclcpp::Duration&)[m[K’
[8.767s]   145 |   [01;36m[KMoveGroupInterface[m[K(const rclcpp::Node::SharedPtr& node, const std::string& group,
[8.767s]       |   [01;36m[K^~~~~~~~~~~~~~~~~~[m[K
[8.768s] [01m[K/home/albert/ws_moveit2/install/moveit_ros_planning_interface/include/moveit/move_group_interface/move_group_interface.h:145:3:[m[K [01;36m[Knote: [m[K  candidate expects 4 arguments, 1 provided
[8.768s] [01m[K/home/albert/ws_moveit2/install/moveit_ros_planning_interface/include/moveit/move_group_interface/move_group_interface.h:134:3:[m[K [01;36m[Knote: [m[Kcandidate: ‘[01m[Kmoveit::planning_interface::MoveGroupInterface::MoveGroupInterface(const SharedPtr&, const moveit::planning_interface::MoveGroupInterface::Options&, const std::shared_ptr<tf2_ros::Buffer>&, const rclcpp::Duration&)[m[K’
[8.768s]   134 |   [01;36m[KMoveGroupInterface[m[K(const rclcpp::Node::SharedPtr& node, const Options& opt,
[8.768s]       |   [01;36m[K^~~~~~~~~~~~~~~~~~[m[K
[8.768s] [01m[K/home/albert/ws_moveit2/install/moveit_ros_planning_interface/include/moveit/move_group_interface/move_group_interface.h:134:3:[m[K [01;36m[Knote: [m[K  candidate expects 4 arguments, 1 provided
[8.768s] In file included from [01m[K/usr/include/x86_64-linux-gnu/c++/11/bits/c++allocator.h:33[m[K,
[8.768s]                  from [01m[K/usr/include/c++/11/bits/allocator.h:46[m[K,
[8.768s]                  from [01m[K/usr/include/c++/11/memory:64[m[K,
[8.768s]                  from [01m[K/opt/ros/humble/include/rclcpp/rclcpp/rclcpp.hpp:153[m[K,
[8.769s]                  from [01m[K/home/albert/ag_arm_ws/src/arm_cpp/src/move_group_to_cartesian.cpp:1[m[K:
[8.769s] /usr/include/c++/11/ext/new_allocator.h: In instantiation of ‘[01m[Kvoid __gnu_cxx::new_allocator<_Tp>::construct(_Up*, _Args&& ...) [with _Up = moveit::planning_interface::MoveGroupInterface; _Args = {const std::__cxx11::basic_string<char, std::char_traits<char>, std::allocator<char> >&}; _Tp = moveit::planning_interface::MoveGroupInterface][m[K’:
[8.769s] [01m[K/usr/include/c++/11/bits/alloc_traits.h:516:17:[m[K   required from ‘[01m[Kstatic void std::allocator_traits<std::allocator<_Tp1> >::construct(std::allocator_traits<std::allocator<_Tp1> >::allocator_type&, _Up*, _Args&& ...) [with _Up = moveit::planning_interface::MoveGroupInterface; _Args = {const std::__cxx11::basic_string<char, std::char_traits<char>, std::allocator<char> >&}; _Tp = moveit::planning_interface::MoveGroupInterface; std::allocator_traits<std::allocator<_Tp1> >::allocator_type = std::allocator<moveit::planning_interface::MoveGroupInterface>][m[K’
[8.769s] [01m[K/usr/include/c++/11/bits/shared_ptr_base.h:519:39:[m[K   required from ‘[01m[Kstd::_Sp_counted_ptr_inplace<_Tp, _Alloc, _Lp>::_Sp_counted_ptr_inplace(_Alloc, _Args&& ...) [with _Args = {const std::__cxx11::basic_string<char, std::char_traits<char>, std::allocator<char> >&}; _Tp = moveit::planning_interface::MoveGroupInterface; _Alloc = std::allocator<moveit::planning_interface::MoveGroupInterface>; __gnu_cxx::_Lock_policy _Lp = __gnu_cxx::_S_atomic][m[K’
[8.769s] [01m[K/usr/include/c++/11/bits/shared_ptr_base.h:650:16:[m[K   required from ‘[01m[Kstd::__shared_count<_Lp>::__shared_count(_Tp*&, std::_Sp_alloc_shared_tag<_Alloc>, _Args&& ...) [with _Tp = moveit::planning_interface::MoveGroupInterface; _Alloc = std::allocator<moveit::planning_interface::MoveGroupInterface>; _Args = {const std::__cxx11::basic_string<char, std::char_traits<char>, std::allocator<char> >&}; __gnu_cxx::_Lock_policy _Lp = __gnu_cxx::_S_atomic][m[K’
[8.769s] [01m[K/usr/include/c++/11/bits/shared_ptr_base.h:1342:14:[m[K   required from ‘[01m[Kstd::__shared_ptr<_Tp, _Lp>::__shared_ptr(std::_Sp_alloc_shared_tag<_Tp>, _Args&& ...) [with _Alloc = std::allocator<moveit::planning_interface::MoveGroupInterface>; _Args = {const std::__cxx11::basic_string<char, std::char_traits<char>, std::allocator<char> >&}; _Tp = moveit::planning_interface::MoveGroupInterface; __gnu_cxx::_Lock_policy _Lp = __gnu_cxx::_S_atomic][m[K’
[8.769s] [01m[K/usr/include/c++/11/bits/shared_ptr.h:409:59:[m[K   required from ‘[01m[Kstd::shared_ptr<_Tp>::shared_ptr(std::_Sp_alloc_shared_tag<_Tp>, _Args&& ...) [with _Alloc = std::allocator<moveit::planning_interface::MoveGroupInterface>; _Args = {const std::__cxx11::basic_string<char, std::char_traits<char>, std::allocator<char> >&}; _Tp = moveit::planning_interface::MoveGroupInterface][m[K’
[8.769s] [01m[K/usr/include/c++/11/bits/shared_ptr.h:862:14:[m[K   required from ‘[01m[Kstd::shared_ptr<_Tp> std::allocate_shared(const _Alloc&, _Args&& ...) [with _Tp = moveit::planning_interface::MoveGroupInterface; _Alloc = std::allocator<moveit::planning_interface::MoveGroupInterface>; _Args = {const std::__cxx11::basic_string<char, std::char_traits<char>, std::allocator<char> >&}][m[K’
[8.770s] [01m[K/usr/include/c++/11/bits/shared_ptr.h:878:39:[m[K   required from ‘[01m[Kstd::shared_ptr<_Tp> std::make_shared(_Args&& ...) [with _Tp = moveit::planning_interface::MoveGroupInterface; _Args = {const std::__cxx11::basic_string<char, std::char_traits<char>, std::allocator<char> >&}][m[K’
[8.770s] [01m[K/home/albert/ag_arm_ws/src/arm_cpp/src/move_group_to_cartesian.cpp:43:91:[m[K   required from here
[8.770s] [01m[K/usr/include/c++/11/ext/new_allocator.h:162:11:[m[K [01;31m[Kerror: [m[Kno matching function for call to ‘[01m[Kmoveit::planning_interface::MoveGroupInterface::MoveGroupInterface(const std::__cxx11::basic_string<char>&)[m[K’
[8.770s]   162 |         { [01;31m[K::new((void *)__p) _Up(std::forward<_Args>(__args)...)[m[K; }
[8.770s]       |           [01;31m[K^~~~~~~~~~~~~~~~~~~~~~~~~~~~~~~~~~~~~~~~~~~~~~~~~~~~~~[m[K
[8.770s] In file included from [01m[K/home/albert/ag_arm_ws/src/arm_cpp/src/move_group_to_cartesian.cpp:2[m[K:
[8.770s] [01m[K/home/albert/ws_moveit2/install/moveit_ros_planning_interface/include/moveit/move_group_interface/move_group_interface.h:159:3:[m[K [01;36m[Knote: [m[Kcandidate: ‘[01m[Kmoveit::planning_interface::MoveGroupInterface::MoveGroupInterface(moveit::planning_interface::MoveGroupInterface&&)[m[K’
[8.770s]   159 |   [01;36m[KMoveGroupInterface[m[K(MoveGroupInterface&& other) noexcept;
[8.770s]       |   [01;36m[K^~~~~~~~~~~~~~~~~~[m[K
[8.771s] [01m[K/home/albert/ws_moveit2/install/moveit_ros_planning_interface/include/moveit/move_group_interface/move_group_interface.h:159:43:[m[K [01;36m[Knote: [m[K  no known conversion for argument 1 from ‘[01m[Kconst std::__cxx11::basic_string<char>[m[K’ to ‘[01m[Kmoveit::planning_interface::MoveGroupInterface&&[m[K’
[8.771s]   159 |   MoveGroupInterface([01;36m[KMoveGroupInterface&& other[m[K) noexcept;
[8.771s]       |                      [01;36m[K~~~~~~~~~~~~~~~~~~~~~^~~~~[m[K
[8.771s] [01m[K/home/albert/ws_moveit2/install/moveit_ros_planning_interface/include/moveit/move_group_interface/move_group_interface.h:145:3:[m[K [01;36m[Knote: [m[Kcandidate: ‘[01m[Kmoveit::planning_interface::MoveGroupInterface::MoveGroupInterface(const SharedPtr&, const string&, const std::shared_ptr<tf2_ros::Buffer>&, const rclcpp::Duration&)[m[K’
[8.771s]   145 |   [01;36m[KMoveGroupInterface[m[K(const rclcpp::Node::SharedPtr& node, const std::string& group,
[8.771s]       |   [01;36m[K^~~~~~~~~~~~~~~~~~[m[K
[8.771s] [01m[K/home/albert/ws_moveit2/install/moveit_ros_planning_interface/include/moveit/move_group_interface/move_group_interface.h:145:3:[m[K [01;36m[Knote: [m[K  candidate expects 4 arguments, 1 provided
[8.771s] [01m[K/home/albert/ws_moveit2/install/moveit_ros_planning_interface/include/moveit/move_group_interface/move_group_interface.h:134:3:[m[K [01;36m[Knote: [m[Kcandidate: ‘[01m[Kmoveit::planning_interface::MoveGroupInterface::MoveGroupInterface(const SharedPtr&, const moveit::planning_interface::MoveGroupInterface::Options&, const std::shared_ptr<tf2_ros::Buffer>&, const rclcpp::Duration&)[m[K’
[8.771s]   134 |   [01;36m[KMoveGroupInterface[m[K(const rclcpp::Node::SharedPtr& node, const Options& opt,
[8.772s]       |   [01;36m[K^~~~~~~~~~~~~~~~~~[m[K
[8.772s] [01m[K/home/albert/ws_moveit2/install/moveit_ros_planning_interface/include/moveit/move_group_interface/move_group_interface.h:134:3:[m[K [01;36m[Knote: [m[K  candidate expects 4 arguments, 1 provided
[8.792s] In file included from [01m[K/usr/include/x86_64-linux-gnu/c++/11/bits/c++allocator.h:33[m[K,
[8.792s]                  from [01m[K/usr/include/c++/11/bits/allocator.h:46[m[K,
[8.793s]                  from [01m[K/usr/include/c++/11/memory:64[m[K,
[8.793s]                  from [01m[K/opt/ros/humble/include/rclcpp/rclcpp/rclcpp.hpp:153[m[K,
[8.793s]                  from [01m[K/home/albert/ag_arm_ws/src/arm_cpp/src/arm_moveit_interface.cpp:1[m[K:
[8.793s] /usr/include/c++/11/ext/new_allocator.h: In instantiation of ‘[01m[Kvoid __gnu_cxx::new_allocator<_Tp>::construct(_Up*, _Args&& ...) [with _Up = moveit::planning_interface::MoveGroupInterface; _Args = {const char (&)[12]}; _Tp = moveit::planning_interface::MoveGroupInterface][m[K’:
[8.793s] [01m[K/usr/include/c++/11/bits/alloc_traits.h:516:17:[m[K   required from ‘[01m[Kstatic void std::allocator_traits<std::allocator<_Tp1> >::construct(std::allocator_traits<std::allocator<_Tp1> >::allocator_type&, _Up*, _Args&& ...) [with _Up = moveit::planning_interface::MoveGroupInterface; _Args = {const char (&)[12]}; _Tp = moveit::planning_interface::MoveGroupInterface; std::allocator_traits<std::allocator<_Tp1> >::allocator_type = std::allocator<moveit::planning_interface::MoveGroupInterface>][m[K’
[8.793s] [01m[K/usr/include/c++/11/bits/shared_ptr_base.h:519:39:[m[K   required from ‘[01m[Kstd::_Sp_counted_ptr_inplace<_Tp, _Alloc, _Lp>::_Sp_counted_ptr_inplace(_Alloc, _Args&& ...) [with _Args = {const char (&)[12]}; _Tp = moveit::planning_interface::MoveGroupInterface; _Alloc = std::allocator<moveit::planning_interface::MoveGroupInterface>; __gnu_cxx::_Lock_policy _Lp = __gnu_cxx::_S_atomic][m[K’
[8.793s] [01m[K/usr/include/c++/11/bits/shared_ptr_base.h:650:16:[m[K   required from ‘[01m[Kstd::__shared_count<_Lp>::__shared_count(_Tp*&, std::_Sp_alloc_shared_tag<_Alloc>, _Args&& ...) [with _Tp = moveit::planning_interface::MoveGroupInterface; _Alloc = std::allocator<moveit::planning_interface::MoveGroupInterface>; _Args = {const char (&)[12]}; __gnu_cxx::_Lock_policy _Lp = __gnu_cxx::_S_atomic][m[K’
[8.793s] [01m[K/usr/include/c++/11/bits/shared_ptr_base.h:1342:14:[m[K   required from ‘[01m[Kstd::__shared_ptr<_Tp, _Lp>::__shared_ptr(std::_Sp_alloc_shared_tag<_Tp>, _Args&& ...) [with _Alloc = std::allocator<moveit::planning_interface::MoveGroupInterface>; _Args = {const char (&)[12]}; _Tp = moveit::planning_interface::MoveGroupInterface; __gnu_cxx::_Lock_policy _Lp = __gnu_cxx::_S_atomic][m[K’
[8.794s] [01m[K/usr/include/c++/11/bits/shared_ptr.h:409:59:[m[K   required from ‘[01m[Kstd::shared_ptr<_Tp>::shared_ptr(std::_Sp_alloc_shared_tag<_Tp>, _Args&& ...) [with _Alloc = std::allocator<moveit::planning_interface::MoveGroupInterface>; _Args = {const char (&)[12]}; _Tp = moveit::planning_interface::MoveGroupInterface][m[K’
[8.794s] [01m[K/usr/include/c++/11/bits/shared_ptr.h:862:14:[m[K   required from ‘[01m[Kstd::shared_ptr<_Tp> std::allocate_shared(const _Alloc&, _Args&& ...) [with _Tp = moveit::planning_interface::MoveGroupInterface; _Alloc = std::allocator<moveit::planning_interface::MoveGroupInterface>; _Args = {const char (&)[12]}][m[K’
[8.794s] [01m[K/usr/include/c++/11/bits/shared_ptr.h:878:39:[m[K   required from ‘[01m[Kstd::shared_ptr<_Tp> std::make_shared(_Args&& ...) [with _Tp = moveit::planning_interface::MoveGroupInterface; _Args = {const char (&)[12]}][m[K’
[8.794s] [01m[K/home/albert/ag_arm_ws/src/arm_cpp/src/arm_moveit_interface.cpp:12:87:[m[K   required from here
[8.794s] [01m[K/usr/include/c++/11/ext/new_allocator.h:162:11:[m[K [01;31m[Kerror: [m[Kno matching function for call to ‘[01m[Kmoveit::planning_interface::MoveGroupInterface::MoveGroupInterface(const char [12])[m[K’
[8.794s]   162 |         { [01;31m[K::new((void *)__p) _Up(std::forward<_Args>(__args)...)[m[K; }
[8.794s]       |           [01;31m[K^~~~~~~~~~~~~~~~~~~~~~~~~~~~~~~~~~~~~~~~~~~~~~~~~~~~~~[m[K
[8.794s] In file included from [01m[K/home/albert/ag_arm_ws/src/arm_cpp/src/arm_moveit_interface.cpp:3[m[K:
[8.794s] [01m[K/home/albert/ws_moveit2/install/moveit_ros_planning_interface/include/moveit/move_group_interface/move_group_interface.h:159:3:[m[K [01;36m[Knote: [m[Kcandidate: ‘[01m[Kmoveit::planning_interface::MoveGroupInterface::MoveGroupInterface(moveit::planning_interface::MoveGroupInterface&&)[m[K’
[8.795s]   159 |   [01;36m[KMoveGroupInterface[m[K(MoveGroupInterface&& other) noexcept;
[8.795s]       |   [01;36m[K^~~~~~~~~~~~~~~~~~[m[K
[8.795s] [01m[K/home/albert/ws_moveit2/install/moveit_ros_planning_interface/include/moveit/move_group_interface/move_group_interface.h:159:43:[m[K [01;36m[Knote: [m[K  no known conversion for argument 1 from ‘[01m[Kconst char [12][m[K’ to ‘[01m[Kmoveit::planning_interface::MoveGroupInterface&&[m[K’
[8.795s]   159 |   MoveGroupInterface([01;36m[KMoveGroupInterface&& other[m[K) noexcept;
[8.795s]       |                      [01;36m[K~~~~~~~~~~~~~~~~~~~~~^~~~~[m[K
[8.795s] [01m[K/home/albert/ws_moveit2/install/moveit_ros_planning_interface/include/moveit/move_group_interface/move_group_interface.h:145:3:[m[K [01;36m[Knote: [m[Kcandidate: ‘[01m[Kmoveit::planning_interface::MoveGroupInterface::MoveGroupInterface(const SharedPtr&, const string&, const std::shared_ptr<tf2_ros::Buffer>&, const rclcpp::Duration&)[m[K’
[8.795s]   145 |   [01;36m[KMoveGroupInterface[m[K(const rclcpp::Node::SharedPtr& node, const std::string& group,
[8.795s]       |   [01;36m[K^~~~~~~~~~~~~~~~~~[m[K
[8.795s] [01m[K/home/albert/ws_moveit2/install/moveit_ros_planning_interface/include/moveit/move_group_interface/move_group_interface.h:145:3:[m[K [01;36m[Knote: [m[K  candidate expects 4 arguments, 1 provided
[8.796s] [01m[K/home/albert/ws_moveit2/install/moveit_ros_planning_interface/include/moveit/move_group_interface/move_group_interface.h:134:3:[m[K [01;36m[Knote: [m[Kcandidate: ‘[01m[Kmoveit::planning_interface::MoveGroupInterface::MoveGroupInterface(const SharedPtr&, const moveit::planning_interface::MoveGroupInterface::Options&, const std::shared_ptr<tf2_ros::Buffer>&, const rclcpp::Duration&)[m[K’
[8.796s]   134 |   [01;36m[KMoveGroupInterface[m[K(const rclcpp::Node::SharedPtr& node, const Options& opt,
[8.796s]       |   [01;36m[K^~~~~~~~~~~~~~~~~~[m[K
[8.796s] [01m[K/home/albert/ws_moveit2/install/moveit_ros_planning_interface/include/moveit/move_group_interface/move_group_interface.h:134:3:[m[K [01;36m[Knote: [m[K  candidate expects 4 arguments, 1 provided
[8.796s] In file included from [01m[K/usr/include/x86_64-linux-gnu/c++/11/bits/c++allocator.h:33[m[K,
[8.796s]                  from [01m[K/usr/include/c++/11/bits/allocator.h:46[m[K,
[8.796s]                  from [01m[K/usr/include/c++/11/memory:64[m[K,
[8.796s]                  from [01m[K/opt/ros/humble/include/rclcpp/rclcpp/rclcpp.hpp:153[m[K,
[8.796s]                  from [01m[K/home/albert/ag_arm_ws/src/arm_cpp/src/arm_moveit_interface.cpp:1[m[K:
[8.797s] /usr/include/c++/11/ext/new_allocator.h: In instantiation of ‘[01m[Kvoid __gnu_cxx::new_allocator<_Tp>::construct(_Up*, _Args&& ...) [with _Up = moveit::planning_interface::MoveGroupInterface; _Args = {const char (&)[4]}; _Tp = moveit::planning_interface::MoveGroupInterface][m[K’:
[8.797s] [01m[K/usr/include/c++/11/bits/alloc_traits.h:516:17:[m[K   required from ‘[01m[Kstatic void std::allocator_traits<std::allocator<_Tp1> >::construct(std::allocator_traits<std::allocator<_Tp1> >::allocator_type&, _Up*, _Args&& ...) [with _Up = moveit::planning_interface::MoveGroupInterface; _Args = {const char (&)[4]}; _Tp = moveit::planning_interface::MoveGroupInterface; std::allocator_traits<std::allocator<_Tp1> >::allocator_type = std::allocator<moveit::planning_interface::MoveGroupInterface>][m[K’
[8.797s] [01m[K/usr/include/c++/11/bits/shared_ptr_base.h:519:39:[m[K   required from ‘[01m[Kstd::_Sp_counted_ptr_inplace<_Tp, _Alloc, _Lp>::_Sp_counted_ptr_inplace(_Alloc, _Args&& ...) [with _Args = {const char (&)[4]}; _Tp = moveit::planning_interface::MoveGroupInterface; _Alloc = std::allocator<moveit::planning_interface::MoveGroupInterface>; __gnu_cxx::_Lock_policy _Lp = __gnu_cxx::_S_atomic][m[K’
[8.797s] [01m[K/usr/include/c++/11/bits/shared_ptr_base.h:650:16:[m[K   required from ‘[01m[Kstd::__shared_count<_Lp>::__shared_count(_Tp*&, std::_Sp_alloc_shared_tag<_Alloc>, _Args&& ...) [with _Tp = moveit::planning_interface::MoveGroupInterface; _Alloc = std::allocator<moveit::planning_interface::MoveGroupInterface>; _Args = {const char (&)[4]}; __gnu_cxx::_Lock_policy _Lp = __gnu_cxx::_S_atomic][m[K’
[8.797s] [01m[K/usr/include/c++/11/bits/shared_ptr_base.h:1342:14:[m[K   required from ‘[01m[Kstd::__shared_ptr<_Tp, _Lp>::__shared_ptr(std::_Sp_alloc_shared_tag<_Tp>, _Args&& ...) [with _Alloc = std::allocator<moveit::planning_interface::MoveGroupInterface>; _Args = {const char (&)[4]}; _Tp = moveit::planning_interface::MoveGroupInterface; __gnu_cxx::_Lock_policy _Lp = __gnu_cxx::_S_atomic][m[K’
[8.797s] [01m[K/usr/include/c++/11/bits/shared_ptr.h:409:59:[m[K   required from ‘[01m[Kstd::shared_ptr<_Tp>::shared_ptr(std::_Sp_alloc_shared_tag<_Tp>, _Args&& ...) [with _Alloc = std::allocator<moveit::planning_interface::MoveGroupInterface>; _Args = {const char (&)[4]}; _Tp = moveit::planning_interface::MoveGroupInterface][m[K’
[8.797s] [01m[K/usr/include/c++/11/bits/shared_ptr.h:862:14:[m[K   required from ‘[01m[Kstd::shared_ptr<_Tp> std::allocate_shared(const _Alloc&, _Args&& ...) [with _Tp = moveit::planning_interface::MoveGroupInterface; _Alloc = std::allocator<moveit::planning_interface::MoveGroupInterface>; _Args = {const char (&)[4]}][m[K’
[8.797s] [01m[K/usr/include/c++/11/bits/shared_ptr.h:878:39:[m[K   required from ‘[01m[Kstd::shared_ptr<_Tp> std::make_shared(_Args&& ...) [with _Tp = moveit::planning_interface::MoveGroupInterface; _Args = {const char (&)[4]}][m[K’
[8.798s] [01m[K/home/albert/ag_arm_ws/src/arm_cpp/src/arm_moveit_interface.cpp:13:86:[m[K   required from here
[8.798s] [01m[K/usr/include/c++/11/ext/new_allocator.h:162:11:[m[K [01;31m[Kerror: [m[Kno matching function for call to ‘[01m[Kmoveit::planning_interface::MoveGroupInterface::MoveGroupInterface(const char [4])[m[K’
[8.798s]   162 |         { [01;31m[K::new((void *)__p) _Up(std::forward<_Args>(__args)...)[m[K; }
[8.798s]       |           [01;31m[K^~~~~~~~~~~~~~~~~~~~~~~~~~~~~~~~~~~~~~~~~~~~~~~~~~~~~~[m[K
[8.798s] In file included from [01m[K/home/albert/ag_arm_ws/src/arm_cpp/src/arm_moveit_interface.cpp:3[m[K:
[8.798s] [01m[K/home/albert/ws_moveit2/install/moveit_ros_planning_interface/include/moveit/move_group_interface/move_group_interface.h:159:3:[m[K [01;36m[Knote: [m[Kcandidate: ‘[01m[Kmoveit::planning_interface::MoveGroupInterface::MoveGroupInterface(moveit::planning_interface::MoveGroupInterface&&)[m[K’
[8.798s]   159 |   [01;36m[KMoveGroupInterface[m[K(MoveGroupInterface&& other) noexcept;
[8.798s]       |   [01;36m[K^~~~~~~~~~~~~~~~~~[m[K
[8.798s] [01m[K/home/albert/ws_moveit2/install/moveit_ros_planning_interface/include/moveit/move_group_interface/move_group_interface.h:159:43:[m[K [01;36m[Knote: [m[K  no known conversion for argument 1 from ‘[01m[Kconst char [4][m[K’ to ‘[01m[Kmoveit::planning_interface::MoveGroupInterface&&[m[K’
[8.799s]   159 |   MoveGroupInterface([01;36m[KMoveGroupInterface&& other[m[K) noexcept;
[8.799s]       |                      [01;36m[K~~~~~~~~~~~~~~~~~~~~~^~~~~[m[K
[8.799s] [01m[K/home/albert/ws_moveit2/install/moveit_ros_planning_interface/include/moveit/move_group_interface/move_group_interface.h:145:3:[m[K [01;36m[Knote: [m[Kcandidate: ‘[01m[Kmoveit::planning_interface::MoveGroupInterface::MoveGroupInterface(const SharedPtr&, const string&, const std::shared_ptr<tf2_ros::Buffer>&, const rclcpp::Duration&)[m[K’
[8.799s]   145 |   [01;36m[KMoveGroupInterface[m[K(const rclcpp::Node::SharedPtr& node, const std::string& group,
[8.799s]       |   [01;36m[K^~~~~~~~~~~~~~~~~~[m[K
[8.799s] [01m[K/home/albert/ws_moveit2/install/moveit_ros_planning_interface/include/moveit/move_group_interface/move_group_interface.h:145:3:[m[K [01;36m[Knote: [m[K  candidate expects 4 arguments, 1 provided
[8.799s] [01m[K/home/albert/ws_moveit2/install/moveit_ros_planning_interface/include/moveit/move_group_interface/move_group_interface.h:134:3:[m[K [01;36m[Knote: [m[Kcandidate: ‘[01m[Kmoveit::planning_interface::MoveGroupInterface::MoveGroupInterface(const SharedPtr&, const moveit::planning_interface::MoveGroupInterface::Options&, const std::shared_ptr<tf2_ros::Buffer>&, const rclcpp::Duration&)[m[K’
[8.799s]   134 |   [01;36m[KMoveGroupInterface[m[K(const rclcpp::Node::SharedPtr& node, const Options& opt,
[8.799s]       |   [01;36m[K^~~~~~~~~~~~~~~~~~[m[K
[8.800s] [01m[K/home/albert/ws_moveit2/install/moveit_ros_planning_interface/include/moveit/move_group_interface/move_group_interface.h:134:3:[m[K [01;36m[Knote: [m[K  candidate expects 4 arguments, 1 provided
[8.800s] In file included from [01m[K/usr/include/x86_64-linux-gnu/c++/11/bits/c++allocator.h:33[m[K,
[8.800s]                  from [01m[K/usr/include/c++/11/bits/allocator.h:46[m[K,
[8.800s]                  from [01m[K/usr/include/c++/11/memory:64[m[K,
[8.800s]                  from [01m[K/opt/ros/humble/include/rclcpp/rclcpp/rclcpp.hpp:153[m[K,
[8.800s]                  from [01m[K/home/albert/ag_arm_ws/src/arm_cpp/src/arm_moveit_interface.cpp:1[m[K:
[8.800s] /usr/include/c++/11/ext/new_allocator.h: In instantiation of ‘[01m[Kvoid __gnu_cxx::new_allocator<_Tp>::construct(_Up*, _Args&& ...) [with _Up = moveit::planning_interface::MoveGroupInterface; _Args = {const char (&)[8]}; _Tp = moveit::planning_interface::MoveGroupInterface][m[K’:
[8.800s] [01m[K/usr/include/c++/11/bits/alloc_traits.h:516:17:[m[K   required from ‘[01m[Kstatic void std::allocator_traits<std::allocator<_Tp1> >::construct(std::allocator_traits<std::allocator<_Tp1> >::allocator_type&, _Up*, _Args&& ...) [with _Up = moveit::planning_interface::MoveGroupInterface; _Args = {const char (&)[8]}; _Tp = moveit::planning_interface::MoveGroupInterface; std::allocator_traits<std::allocator<_Tp1> >::allocator_type = std::allocator<moveit::planning_interface::MoveGroupInterface>][m[K’
[8.801s] [01m[K/usr/include/c++/11/bits/shared_ptr_base.h:519:39:[m[K   required from ‘[01m[Kstd::_Sp_counted_ptr_inplace<_Tp, _Alloc, _Lp>::_Sp_counted_ptr_inplace(_Alloc, _Args&& ...) [with _Args = {const char (&)[8]}; _Tp = moveit::planning_interface::MoveGroupInterface; _Alloc = std::allocator<moveit::planning_interface::MoveGroupInterface>; __gnu_cxx::_Lock_policy _Lp = __gnu_cxx::_S_atomic][m[K’
[8.801s] [01m[K/usr/include/c++/11/bits/shared_ptr_base.h:650:16:[m[K   required from ‘[01m[Kstd::__shared_count<_Lp>::__shared_count(_Tp*&, std::_Sp_alloc_shared_tag<_Alloc>, _Args&& ...) [with _Tp = moveit::planning_interface::MoveGroupInterface; _Alloc = std::allocator<moveit::planning_interface::MoveGroupInterface>; _Args = {const char (&)[8]}; __gnu_cxx::_Lock_policy _Lp = __gnu_cxx::_S_atomic][m[K’
[8.801s] [01m[K/usr/include/c++/11/bits/shared_ptr_base.h:1342:14:[m[K   required from ‘[01m[Kstd::__shared_ptr<_Tp, _Lp>::__shared_ptr(std::_Sp_alloc_shared_tag<_Tp>, _Args&& ...) [with _Alloc = std::allocator<moveit::planning_interface::MoveGroupInterface>; _Args = {const char (&)[8]}; _Tp = moveit::planning_interface::MoveGroupInterface; __gnu_cxx::_Lock_policy _Lp = __gnu_cxx::_S_atomic][m[K’
[8.801s] [01m[K/usr/include/c++/11/bits/shared_ptr.h:409:59:[m[K   required from ‘[01m[Kstd::shared_ptr<_Tp>::shared_ptr(std::_Sp_alloc_shared_tag<_Tp>, _Args&& ...) [with _Alloc = std::allocator<moveit::planning_interface::MoveGroupInterface>; _Args = {const char (&)[8]}; _Tp = moveit::planning_interface::MoveGroupInterface][m[K’
[8.801s] [01m[K/usr/include/c++/11/bits/shared_ptr.h:862:14:[m[K   required from ‘[01m[Kstd::shared_ptr<_Tp> std::allocate_shared(const _Alloc&, _Args&& ...) [with _Tp = moveit::planning_interface::MoveGroupInterface; _Alloc = std::allocator<moveit::planning_interface::MoveGroupInterface>; _Args = {const char (&)[8]}][m[K’
[8.801s] [01m[K/usr/include/c++/11/bits/shared_ptr.h:878:39:[m[K   required from ‘[01m[Kstd::shared_ptr<_Tp> std::make_shared(_Args&& ...) [with _Tp = moveit::planning_interface::MoveGroupInterface; _Args = {const char (&)[8]}][m[K’
[8.801s] [01m[K/home/albert/ag_arm_ws/src/arm_cpp/src/arm_moveit_interface.cpp:14:90:[m[K   required from here
[8.801s] [01m[K/usr/include/c++/11/ext/new_allocator.h:162:11:[m[K [01;31m[Kerror: [m[Kno matching function for call to ‘[01m[Kmoveit::planning_interface::MoveGroupInterface::MoveGroupInterface(const char [8])[m[K’
[8.801s]   162 |         { [01;31m[K::new((void *)__p) _Up(std::forward<_Args>(__args)...)[m[K; }
[8.802s]       |           [01;31m[K^~~~~~~~~~~~~~~~~~~~~~~~~~~~~~~~~~~~~~~~~~~~~~~~~~~~~~[m[K
[8.802s] In file included from [01m[K/home/albert/ag_arm_ws/src/arm_cpp/src/arm_moveit_interface.cpp:3[m[K:
[8.802s] [01m[K/home/albert/ws_moveit2/install/moveit_ros_planning_interface/include/moveit/move_group_interface/move_group_interface.h:159:3:[m[K [01;36m[Knote: [m[Kcandidate: ‘[01m[Kmoveit::planning_interface::MoveGroupInterface::MoveGroupInterface(moveit::planning_interface::MoveGroupInterface&&)[m[K’
[8.802s]   159 |   [01;36m[KMoveGroupInterface[m[K(MoveGroupInterface&& other) noexcept;
[8.802s]       |   [01;36m[K^~~~~~~~~~~~~~~~~~[m[K
[8.802s] [01m[K/home/albert/ws_moveit2/install/moveit_ros_planning_interface/include/moveit/move_group_interface/move_group_interface.h:159:43:[m[K [01;36m[Knote: [m[K  no known conversion for argument 1 from ‘[01m[Kconst char [8][m[K’ to ‘[01m[Kmoveit::planning_interface::MoveGroupInterface&&[m[K’
[8.802s]   159 |   MoveGroupInterface([01;36m[KMoveGroupInterface&& other[m[K) noexcept;
[8.802s]       |                      [01;36m[K~~~~~~~~~~~~~~~~~~~~~^~~~~[m[K
[8.802s] [01m[K/home/albert/ws_moveit2/install/moveit_ros_planning_interface/include/moveit/move_group_interface/move_group_interface.h:145:3:[m[K [01;36m[Knote: [m[Kcandidate: ‘[01m[Kmoveit::planning_interface::MoveGroupInterface::MoveGroupInterface(const SharedPtr&, const string&, const std::shared_ptr<tf2_ros::Buffer>&, const rclcpp::Duration&)[m[K’
[8.803s]   145 |   [01;36m[KMoveGroupInterface[m[K(const rclcpp::Node::SharedPtr& node, const std::string& group,
[8.803s]       |   [01;36m[K^~~~~~~~~~~~~~~~~~[m[K
[8.803s] [01m[K/home/albert/ws_moveit2/install/moveit_ros_planning_interface/include/moveit/move_group_interface/move_group_interface.h:145:3:[m[K [01;36m[Knote: [m[K  candidate expects 4 arguments, 1 provided
[8.803s] [01m[K/home/albert/ws_moveit2/install/moveit_ros_planning_interface/include/moveit/move_group_interface/move_group_interface.h:134:3:[m[K [01;36m[Knote: [m[Kcandidate: ‘[01m[Kmoveit::planning_interface::MoveGroupInterface::MoveGroupInterface(const SharedPtr&, const moveit::planning_interface::MoveGroupInterface::Options&, const std::shared_ptr<tf2_ros::Buffer>&, const rclcpp::Duration&)[m[K’
[8.803s]   134 |   [01;36m[KMoveGroupInterface[m[K(const rclcpp::Node::SharedPtr& node, const Options& opt,
[8.803s]       |   [01;36m[K^~~~~~~~~~~~~~~~~~[m[K
[8.803s] [01m[K/home/albert/ws_moveit2/install/moveit_ros_planning_interface/include/moveit/move_group_interface/move_group_interface.h:134:3:[m[K [01;36m[Knote: [m[K  candidate expects 4 arguments, 1 provided
[10.002s] gmake[2]: *** [CMakeFiles/arm_moveit_interface.dir/build.make:76: CMakeFiles/arm_moveit_interface.dir/src/arm_moveit_interface.cpp.o] Error 1
[10.002s] gmake[1]: *** [CMakeFiles/Makefile2:193: CMakeFiles/arm_moveit_interface.dir/all] Error 2
[10.002s] gmake[1]: *** Waiting for unfinished jobs....
[10.003s] gmake[2]: *** [CMakeFiles/move_group_to_cartesian.dir/build.make:76: CMakeFiles/move_group_to_cartesian.dir/src/move_group_to_cartesian.cpp.o] Error 1
[10.003s] gmake[1]: *** [CMakeFiles/Makefile2:167: CMakeFiles/move_group_to_cartesian.dir/all] Error 2
[10.004s] gmake: *** [Makefile:146: all] Error 2
[10.005s] Invoked command in '/home/albert/ag_arm_ws/build/arm_cpp' returned '2': CMAKE_PREFIX_PATH=${CMAKE_PREFIX_PATH}:/home/albert/ws_moveit2/install/moveit_configs_utils:/home/albert/ws_moveit2/install/launch_param_builder:/home/albert/umov_ws/install/arduino_py_examples:/home/albert/udem2_ws/install/actions_py:/home/albert/udem2_ws/install/lifecycle_py:/home/albert/udem2_ws/install/executors_py:/home/albert/udem2_ws/install/components_py:/home/albert/udem_ws/install/turtlesim_catcher:/home/albert/udem_ws/install/my_py_pkg:/home/albert/udem_ws/install/lifecycle_py:/home/albert/bcdc_ws/install/agbot_teleop:/home/albert/bcdc_ws/install/agbot_py:/home/albert/arduinobot_ws/install/arduinobot_py_examples:/opt/ros/humble /home/albert/.local/bin/cmake --build /home/albert/ag_arm_ws/build/arm_cpp -- -j8 -l8
