-- Install configuration: ""
-- Up-to-date: /home/albert/ag_arm_ws/install/arm_moveit/share/arm_moveit/launch
-- Up-to-date: /home/albert/ag_arm_ws/install/arm_moveit/share/arm_moveit/launch/moveit.launch.py
-- Up-to-date: /home/albert/ag_arm_ws/install/arm_moveit/share/arm_moveit/launch/arm_moveit.launch.py
-- Up-to-date: /home/albert/ag_arm_ws/install/arm_moveit/share/arm_moveit/config
-- Up-to-date: /home/albert/ag_arm_ws/install/arm_moveit/share/arm_moveit/config/joint_limits.yaml
-- Installing: /home/albert/ag_arm_ws/install/arm_moveit/share/arm_moveit/config/moveit_controllers.yaml
-- Up-to-date: /home/albert/ag_arm_ws/install/arm_moveit/share/arm_moveit/config/initial_positions.yaml
-- Up-to-date: /home/albert/ag_arm_ws/install/arm_moveit/share/arm_moveit/config/pilz_cartesian_limits.yaml
-- Up-to-date: /home/albert/ag_arm_ws/install/arm_moveit/share/arm_moveit/config/pilz_instustrial_motion_planner_planning.yaml
-- Installing: /home/albert/ag_arm_ws/install/arm_moveit/share/arm_moveit/config/kinematics.yaml
-- Up-to-date: /home/albert/ag_arm_ws/install/arm_moveit/share/arm_moveit/config/agbot_arm.srdf
-- Up-to-date: /home/albert/ag_arm_ws/install/arm_moveit/share/arm_moveit/config/moveit.rviz
-- Up-to-date: /home/albert/ag_arm_ws/install/arm_moveit/share/arm_moveit/rviz
-- Up-to-date: /home/albert/ag_arm_ws/install/arm_moveit/share/arm_moveit/rviz/move_group.rviz
-- Up-to-date: /home/albert/ag_arm_ws/install/arm_moveit/share/ament_index/resource_index/package_run_dependencies/arm_moveit
-- Up-to-date: /home/albert/ag_arm_ws/install/arm_moveit/share/ament_index/resource_index/parent_prefix_path/arm_moveit
-- Up-to-date: /home/albert/ag_arm_ws/install/arm_moveit/share/arm_moveit/environment/ament_prefix_path.sh
-- Up-to-date: /home/albert/ag_arm_ws/install/arm_moveit/share/arm_moveit/environment/ament_prefix_path.dsv
-- Up-to-date: /home/albert/ag_arm_ws/install/arm_moveit/share/arm_moveit/environment/path.sh
-- Up-to-date: /home/albert/ag_arm_ws/install/arm_moveit/share/arm_moveit/environment/path.dsv
-- Up-to-date: /home/albert/ag_arm_ws/install/arm_moveit/share/arm_moveit/local_setup.bash
-- Up-to-date: /home/albert/ag_arm_ws/install/arm_moveit/share/arm_moveit/local_setup.sh
-- Up-to-date: /home/albert/ag_arm_ws/install/arm_moveit/share/arm_moveit/local_setup.zsh
-- Up-to-date: /home/albert/ag_arm_ws/install/arm_moveit/share/arm_moveit/local_setup.dsv
-- Installing: /home/albert/ag_arm_ws/install/arm_moveit/share/arm_moveit/package.dsv
-- Up-to-date: /home/albert/ag_arm_ws/install/arm_moveit/share/ament_index/resource_index/packages/arm_moveit
-- Up-to-date: /home/albert/ag_arm_ws/install/arm_moveit/share/arm_moveit/cmake/arm_moveitConfig.cmake
-- Up-to-date: /home/albert/ag_arm_ws/install/arm_moveit/share/arm_moveit/cmake/arm_moveitConfig-version.cmake
-- Up-to-date: /home/albert/ag_arm_ws/install/arm_moveit/share/arm_moveit/package.xml
