[0.043s] Invoking command in '/home/albert/ag_arm_ws/build/arm_cpp': /home/albert/.local/bin/cmake /home/albert/ag_arm_ws/src/arm_cpp -DCMAKE_INSTALL_PREFIX=/home/albert/ag_arm_ws/install/arm_cpp
[0.052s] -- Found ament_cmake: 1.3.10 (/opt/ros/humble/share/ament_cmake/cmake)
[0.353s] -- Found rclcpp: 16.0.10 (/opt/ros/humble/share/rclcpp/cmake)
[0.392s] -- Found rosidl_generator_c: 3.1.5 (/opt/ros/humble/share/rosidl_generator_c/cmake)
[0.396s] -- Found rosidl_adapter: 3.1.5 (/opt/ros/humble/share/rosidl_adapter/cmake)
[0.403s] -- Found rosidl_generator_cpp: 3.1.5 (/opt/ros/humble/share/rosidl_generator_cpp/cmake)
[0.422s] -- Using all available rosidl_typesupport_c: rosidl_typesupport_fastrtps_c;rosidl_typesupport_introspection_c
[0.445s] -- Using all available rosidl_typesupport_cpp: rosidl_typesupport_fastrtps_cpp;rosidl_typesupport_introspection_cpp
[0.498s] -- Found rmw_implementation_cmake: 6.1.2 (/opt/ros/humble/share/rmw_implementation_cmake/cmake)
[0.507s] -- Found rmw_cyclonedds_cpp: 1.3.4 (/opt/ros/humble/share/rmw_cyclonedds_cpp/cmake)
[0.536s] -- Using RMW implementation 'rmw_cyclonedds_cpp' as default
[0.605s] -- Found agbot_full_msgs: 0.0.0 (/home/albert/rad_ws/install/agbot_full_msgs/share/agbot_full_msgs/cmake)
[0.605s] -- Found rclcpp_action: 16.0.10 (/opt/ros/humble/share/rclcpp_action/cmake)
[0.647s] -- Found rclcpp_components: 16.0.10 (/opt/ros/humble/share/rclcpp_components/cmake)
[0.672s] -- Found moveit_ros_planning_interface: 2.5.5 (/home/albert/ws_moveit2/install/moveit_ros_planning_interface/share/moveit_ros_planning_interface/cmake)
[0.685s] -- Found Boost: /usr/lib/x86_64-linux-gnu/cmake/Boost-1.74.0/BoostConfig.cmake (found version "1.74.0") found components: date_time filesystem program_options system thread
[0.895s] -- Found Boost: /usr/lib/x86_64-linux-gnu/cmake/Boost-1.74.0/BoostConfig.cmake (found version "1.74.0") found components: chrono date_time filesystem iostreams program_options regex serialization system thread
[0.948s] -- Found parameter_traits: 0.3.8 (/opt/ros/humble/share/parameter_traits/cmake)
[0.955s] -- Found rclcpp_lifecycle: 16.0.10 (/opt/ros/humble/share/rclcpp_lifecycle/cmake)
[0.984s] -- Found Boost: /usr/lib/x86_64-linux-gnu/cmake/Boost-1.74.0/BoostConfig.cmake (found version "1.74.0") found components: filesystem
[1.041s] -- library: /usr/lib/x86_64-linux-gnu/libcurl.so
[1.080s] -- Ensuring Eigen3 include directory is part of orocos-kdl CMake target
[1.207s] -- Found Boost: /usr/lib/x86_64-linux-gnu/cmake/Boost-1.74.0/BoostConfig.cmake (found version "1.74.0") found components: system filesystem date_time program_options thread chrono
[1.254s] -- Found Boost: /usr/lib/x86_64-linux-gnu/cmake/Boost-1.74.0/BoostConfig.cmake (found version "1.74.0") found components: thread system filesystem regex date_time program_options
[1.292s] -- Found Boost: /usr/lib/x86_64-linux-gnu/cmake/Boost-1.74.0/BoostConfig.cmake (found version "1.74.0") found components: system filesystem date_time program_options thread
[1.340s] -- Checking for module 'sdformat'
[1.346s] --   No package 'sdformat' found
[1.346s] [31mCMake Error at /home/albert/.local/share/cmake-3.29/Modules/FindPkgConfig.cmake:619 (message):
[1.346s]   The following required packages were not found:
[1.347s] 
[1.347s]    - sdformat
[1.347s] 
[1.347s] Call Stack (most recent call first):
[1.347s]   /home/albert/.local/share/cmake-3.29/Modules/FindPkgConfig.cmake:847 (_pkg_check_modules_internal)
[1.347s]   CMakeLists.txt:22 (pkg_check_modules)
[1.347s] 
[1.347s] [0m
[1.347s] -- Configuring incomplete, errors occurred!
[1.358s] Invoked command in '/home/albert/ag_arm_ws/build/arm_cpp' returned '1': /home/albert/.local/bin/cmake /home/albert/ag_arm_ws/src/arm_cpp -DCMAKE_INSTALL_PREFIX=/home/albert/ag_arm_ws/install/arm_cpp
